This is pdfTeX, Version 3.141592653-2.6-1.40.28 (MiKTeX 25.12) (preloaded format=pdflatex 2026.5.18)  23 MAY 2026 21:56
entering extended mode
 restricted \write18 enabled.
 %&-line parsing enabled.
**./draft.tex
(draft.tex
LaTeX2e <2025-11-01>
L3 programming layer <2025-12-24>
(C:\Users\мЭімКєнШД\AppData\Local\Programs\MiKTeX\tex/latex/base\article.cls
Document Class: article 2025/01/22 v1.4n Standard LaTeX document class
(C:\Users\мЭімКєнШД\AppData\Local\Programs\MiKTeX\tex/latex/base\size11.clo
File: size11.clo 2025/01/22 v1.4n Standard LaTeX file (size option)
)
\c@part=\count275
\c@section=\count276
\c@subsection=\count277
\c@subsubsection=\count278
\c@paragraph=\count279
\c@subparagraph=\count280
\c@figure=\count281
\c@table=\count282
\abovecaptionskip=\skip49
\belowcaptionskip=\skip50
\bibindent=\dimen148
)
(C:\Users\мЭімКєнШД\AppData\Local\Programs\MiKTeX\tex/latex/cjk-ko\kotex.sty
Package: kotex 2015/04/19 v1.6 Korean TeX (ko.TeX)

(C:\Users\мЭімКєнШД\AppData\Local\Programs\MiKTeX\tex/latex/kotex-utf\kotex.cfg
)
(C:\Users\мЭімКєнШД\AppData\Local\Programs\MiKTeX\tex/latex/kotex-utf\kotexutf.
sty
Package: kotexutf 2022/06/22 v3.0.0 typesetting UTF-8 Korean documents

(C:\Users\мЭімКєнШД\AppData\Local\Programs\MiKTeX\tex/latex/base\inputenc.sty
Package: inputenc 2024/02/08 v1.3d Input encoding file
\inpenc@prehook=\toks17
\inpenc@posthook=\toks18
)
(C:\Users\мЭімКєнШД\AppData\Local\Programs\MiKTeX\tex/plain/kotex-plain\kotexut
f-core.tex
\unih@ngulpoint=\count283
\dhucs@emph@raise=\dimen149
)
Now handling font encoding LUC ...
... processing UTF-8 mapping file for font encoding LUC

(C:\Users\мЭімКєнШД\AppData\Local\Programs\MiKTeX\tex/latex/kotex-utf\lucenc.df
u
File: lucenc.dfu 2007/09/05 UTF-8 support for dhucs
   defining Unicode char U+00B7 (decimal 183)
   defining Unicode char U+2018 (decimal 8216)
   defining Unicode char U+2019 (decimal 8217)
   defining Unicode char U+201C (decimal 8220)
   defining Unicode char U+201D (decimal 8221)
   defining Unicode char U+3001 (decimal 12289)
   defining Unicode char U+3002 (decimal 12290)
   defining Unicode char U+3008 (decimal 12296)
   defining Unicode char U+3009 (decimal 12297)
   defining Unicode char U+300A (decimal 12298)
   defining Unicode char U+300B (decimal 12299)
   defining Unicode char U+300C (decimal 12300)
   defining Unicode char U+300D (decimal 12301)
   defining Unicode char U+300E (decimal 12302)
   defining Unicode char U+300F (decimal 12303)
   defining Unicode char U+3010 (decimal 12304)
   defining Unicode char U+3011 (decimal 12305)
   defining Unicode char U+3014 (decimal 12308)
   defining Unicode char U+3015 (decimal 12309)
   defining Unicode char U+3016 (decimal 12310)
   defining Unicode char U+3017 (decimal 12311)
   defining Unicode char U+3018 (decimal 12312)
   defining Unicode char U+3019 (decimal 12313)
   defining Unicode char U+301A (decimal 12314)
   defining Unicode char U+301B (decimal 12315)
   defining Unicode char U+FF01 (decimal 65281)
   defining Unicode char U+FF08 (decimal 65288)
   defining Unicode char U+FF09 (decimal 65289)
   defining Unicode char U+FF0C (decimal 65292)
   defining Unicode char U+FF0E (decimal 65294)
   defining Unicode char U+FF1A (decimal 65306)
   defining Unicode char U+FF1B (decimal 65307)
   defining Unicode char U+FF1C (decimal 65308)
   defining Unicode char U+FF1D (decimal 65309)
   defining Unicode char U+FF1E (decimal 65310)
   defining Unicode char U+FF1F (decimal 65311)
   defining Unicode char U+FF3B (decimal 65339)
   defining Unicode char U+FF3D (decimal 65341)
   defining Unicode char U+FF5B (decimal 65371)
   defining Unicode char U+FF5D (decimal 65373)
   defining Unicode char U+FF61 (decimal 65377)
   defining Unicode char U+FF62 (decimal 65378)
   defining Unicode char U+FF63 (decimal 65379)
   defining Unicode char U+FF64 (decimal 65380)
   defining Unicode char U+FF65 (decimal 65381)
)
\@josa=\count284
\josatoks=\toks19

(C:\Users\мЭімКєнШД\AppData\Local\Programs\MiKTeX\tex/latex/cjk-ko\kolabels-utf
.sty
Package: kolabels-utf 2015/03/20 v1.5 UTF-8 Hangul item labels
)
(C:\Users\мЭімКєнШД\AppData\Local\Programs\MiKTeX\tex/latex/kotex-utf\kosection
s-utf.sty
File: kosections-utf 2022/06/20 hangul option to kotex/utf
   defining Unicode char U+00BC (decimal 188)
   defining Unicode char U+00BD (decimal 189)
   defining Unicode char U+00BE (decimal 190)
   defining Unicode char U+02D0 (decimal 720)
   defining Unicode char U+2025 (decimal 8229)
   defining Unicode char U+2015 (decimal 8213)
   defining Unicode char U+2312 (decimal 8978)
   defining Unicode char U+203B (decimal 8251)

(C:\Users\мЭімКєнШД\AppData\Local\Programs\MiKTeX\tex/latex/cjk-ko\konames-utf.
sty
Package: konames-utf 2015/07/06 v1.7 UTF-8 Hangul captions
)
\raisedotdim=\dimen150
\dhucs@emph@width=\dimen151
\useremphraisedim=\dimen152
)))
(C:\Users\мЭімКєнШД\AppData\Local\Programs\MiKTeX\tex/latex/setspace\setspace.s
ty
Package: setspace 2022/12/04 v6.7b set line spacing
)
(C:\Users\мЭімКєнШД\AppData\Local\Programs\MiKTeX\tex/latex/geometry\geometry.s
ty
Package: geometry 2026/03/07 v6.0 Page Geometry

(C:\Users\мЭімКєнШД\AppData\Local\Programs\MiKTeX\tex/latex/graphics\keyval.sty
Package: keyval 2022/05/29 v1.15 key=value parser (DPC)
\KV@toks@=\toks20
)
(C:\Users\мЭімКєнШД\AppData\Local\Programs\MiKTeX\tex/generic/iftex\ifvtex.sty
Package: ifvtex 2019/10/25 v1.7 ifvtex legacy package. Use iftex instead.

(C:\Users\мЭімКєнШД\AppData\Local\Programs\MiKTeX\tex/generic/iftex\iftex.sty
Package: iftex 2024/12/12 v1.0g TeX engine tests
))
\Gm@cnth=\count285
\Gm@cntv=\count286
\c@Gm@tempcnt=\count287
\Gm@bindingoffset=\dimen153
\Gm@wd@mp=\dimen154
\Gm@odd@mp=\dimen155
\Gm@even@mp=\dimen156
\Gm@layoutwidth=\dimen157
\Gm@layoutheight=\dimen158
\Gm@layouthoffset=\dimen159
\Gm@layoutvoffset=\dimen160
\Gm@dimlist=\toks21

(C:\Users\мЭімКєнШД\AppData\Local\Programs\MiKTeX\tex/latex/geometry\geometry.c
fg))
(C:\Users\мЭімКєнШД\AppData\Local\Programs\MiKTeX\tex/latex/amsmath\amsmath.sty
Package: amsmath 2025/07/09 v2.17z AMS math features
\@mathmargin=\skip51
For additional information on amsmath, use the `?' option.

(C:\Users\мЭімКєнШД\AppData\Local\Programs\MiKTeX\tex/latex/amsmath\amstext.sty
Package: amstext 2024/11/17 v2.01 AMS text
(C:\Users\мЭімКєнШД\AppData\Local\Programs\MiKTeX\tex/latex/amsmath\amsgen.sty
File: amsgen.sty 1999/11/30 v2.0 generic functions
\@emptytoks=\toks22
\ex@=\dimen161
))
(C:\Users\мЭімКєнШД\AppData\Local\Programs\MiKTeX\tex/latex/amsmath\amsbsy.sty
Package: amsbsy 1999/11/29 v1.2d Bold Symbols
\pmbraise@=\dimen162
) (C:\Users\мЭімКєнШД\AppData\Local\Programs\MiKTeX\tex/latex/amsmath\amsopn.st
y
Package: amsopn 2022/04/08 v2.04 operator names
)
\inf@bad=\count288
LaTeX Info: Redefining \frac on input line 233.
\uproot@=\count289
\leftroot@=\count290
LaTeX Info: Redefining \overline on input line 398.
LaTeX Info: Redefining \colon on input line 409.
\classnum@=\count291
\DOTSCASE@=\count292
LaTeX Info: Redefining \ldots on input line 495.
LaTeX Info: Redefining \dots on input line 498.
LaTeX Info: Redefining \cdots on input line 619.
\Mathstrutbox@=\box53
\strutbox@=\box54
LaTeX Info: Redefining \big on input line 721.
LaTeX Info: Redefining \Big on input line 722.
LaTeX Info: Redefining \bigg on input line 723.
LaTeX Info: Redefining \Bigg on input line 724.
\big@size=\dimen163
LaTeX Font Info:    Redeclaring font encoding OML on input line 742.
LaTeX Font Info:    Redeclaring font encoding OMS on input line 743.
\macc@depth=\count293
LaTeX Info: Redefining \bmod on input line 904.
LaTeX Info: Redefining \pmod on input line 909.
LaTeX Info: Redefining \smash on input line 939.
LaTeX Info: Redefining \relbar on input line 969.
LaTeX Info: Redefining \Relbar on input line 970.
\c@MaxMatrixCols=\count294
\dotsspace@=\muskip17
\c@parentequation=\count295
\dspbrk@lvl=\count296
\tag@help=\toks23
\row@=\count297
\column@=\count298
\maxfields@=\count299
\andhelp@=\toks24
\eqnshift@=\dimen164
\alignsep@=\dimen165
\tagshift@=\dimen166
\tagwidth@=\dimen167
\totwidth@=\dimen168
\lineht@=\dimen169
\@envbody=\toks25
\multlinegap=\skip52
\multlinetaggap=\skip53
\mathdisplay@stack=\toks26
LaTeX Info: Redefining \[ on input line 2950.
LaTeX Info: Redefining \] on input line 2951.
)
(C:\Users\мЭімКєнШД\AppData\Local\Programs\MiKTeX\tex/latex/amsfonts\amssymb.st
y
Package: amssymb 2013/01/14 v3.01 AMS font symbols

(C:\Users\мЭімКєнШД\AppData\Local\Programs\MiKTeX\tex/latex/amsfonts\amsfonts.s
ty
Package: amsfonts 2013/01/14 v3.01 Basic AMSFonts support
\symAMSa=\mathgroup4
\symAMSb=\mathgroup5
LaTeX Font Info:    Redeclaring math symbol \hbar on input line 98.
LaTeX Font Info:    Overwriting math alphabet `\mathfrak' in version `bold'
(Font)                  U/euf/m/n --> U/euf/b/n on input line 106.
))
(C:\Users\мЭімКєнШД\AppData\Local\Programs\MiKTeX\tex/latex/booktabs\booktabs.s
ty
Package: booktabs 2020/01/12 v1.61803398 Publication quality tables
\heavyrulewidth=\dimen170
\lightrulewidth=\dimen171
\cmidrulewidth=\dimen172
\belowrulesep=\dimen173
\belowbottomsep=\dimen174
\aboverulesep=\dimen175
\abovetopsep=\dimen176
\cmidrulesep=\dimen177
\cmidrulekern=\dimen178
\defaultaddspace=\dimen179
\@cmidla=\count300
\@cmidlb=\count301
\@aboverulesep=\dimen180
\@belowrulesep=\dimen181
\@thisruleclass=\count302
\@lastruleclass=\count303
\@thisrulewidth=\dimen182
)
(C:\Users\мЭімКєнШД\AppData\Local\Programs\MiKTeX\tex/latex/graphics\graphicx.s
ty
Package: graphicx 2024/12/31 v1.2e Enhanced LaTeX Graphics (DPC,SPQR)

(C:\Users\мЭімКєнШД\AppData\Local\Programs\MiKTeX\tex/latex/graphics\graphics.s
ty
Package: graphics 2024/08/06 v1.4g Standard LaTeX Graphics (DPC,SPQR)

(C:\Users\мЭімКєнШД\AppData\Local\Programs\MiKTeX\tex/latex/graphics\trig.sty
Package: trig 2023/12/02 v1.11 sin cos tan (DPC)
)
(C:\Users\мЭімКєнШД\AppData\Local\Programs\MiKTeX\tex/latex/graphics-cfg\graphi
cs.cfg
File: graphics.cfg 2016/06/04 v1.11 sample graphics configuration
)
Package graphics Info: Driver file: pdftex.def on input line 106.

(C:\Users\мЭімКєнШД\AppData\Local\Programs\MiKTeX\tex/latex/graphics-def\pdftex
.def
File: pdftex.def 2025/09/29 v1.2d Graphics/color driver for pdftex
))
\Gin@req@height=\dimen183
\Gin@req@width=\dimen184
)
(C:\Users\мЭімКєнШД\AppData\Local\Programs\MiKTeX\tex/latex/hyperref\hyperref.s
ty
Package: hyperref 2025-07-12 v7.01o Hypertext links for LaTeX

(C:\Users\мЭімКєнШД\AppData\Local\Programs\MiKTeX\tex/latex/kvsetkeys\kvsetkeys
.sty
Package: kvsetkeys 2022-10-05 v1.19 Key value parser (HO)
)
(C:\Users\мЭімКєнШД\AppData\Local\Programs\MiKTeX\tex/generic/kvdefinekeys\kvde
finekeys.sty
Package: kvdefinekeys 2019-12-19 v1.6 Define keys (HO)
)
(C:\Users\мЭімКєнШД\AppData\Local\Programs\MiKTeX\tex/generic/pdfescape\pdfesca
pe.sty
Package: pdfescape 2019/12/09 v1.15 Implements pdfTeX's escape features (HO)

(C:\Users\мЭімКєнШД\AppData\Local\Programs\MiKTeX\tex/generic/ltxcmds\ltxcmds.s
ty
Package: ltxcmds 2023-12-04 v1.26 LaTeX kernel commands for general use (HO)
)
(C:\Users\мЭімКєнШД\AppData\Local\Programs\MiKTeX\tex/generic/pdftexcmds\pdftex
cmds.sty
Package: pdftexcmds 2020-06-27 v0.33 Utility functions of pdfTeX for LuaTeX (HO
)

(C:\Users\мЭімКєнШД\AppData\Local\Programs\MiKTeX\tex/generic/infwarerr\infware
rr.sty
Package: infwarerr 2019/12/03 v1.5 Providing info/warning/error messages (HO)
)
Package pdftexcmds Info: \pdf@primitive is available.
Package pdftexcmds Info: \pdf@ifprimitive is available.
Package pdftexcmds Info: \pdfdraftmode found.
))
(C:\Users\мЭімКєнШД\AppData\Local\Programs\MiKTeX\tex/latex/hycolor\hycolor.sty
Package: hycolor 2020-01-27 v1.10 Color options for hyperref/bookmark (HO)
)
(C:\Users\мЭімКєнШД\AppData\Local\Programs\MiKTeX\tex/latex/hyperref\nameref.st
y
Package: nameref 2025-06-21 v2.57 Cross-referencing by name of section

(C:\Users\мЭімКєнШД\AppData\Local\Programs\MiKTeX\tex/latex/refcount\refcount.s
ty
Package: refcount 2019/12/15 v3.6 Data extraction from label references (HO)
)
(C:\Users\мЭімКєнШД\AppData\Local\Programs\MiKTeX\tex/generic/gettitlestring\ge
ttitlestring.sty
Package: gettitlestring 2019/12/15 v1.6 Cleanup title references (HO)

(C:\Users\мЭімКєнШД\AppData\Local\Programs\MiKTeX\tex/latex/kvoptions\kvoptions
.sty
Package: kvoptions 2022-06-15 v3.15 Key value format for package options (HO)
))
\c@section@level=\count304
)
(C:\Users\мЭімКєнШД\AppData\Local\Programs\MiKTeX\tex/latex/etoolbox\etoolbox.s
ty
Package: etoolbox 2025/10/02 v2.5m e-TeX tools for LaTeX (JAW)
\etb@tempcnta=\count305
)
(C:\Users\мЭімКєнШД\AppData\Local\Programs\MiKTeX\tex/generic/stringenc\stringe
nc.sty
Package: stringenc 2019/11/29 v1.12 Convert strings between diff. encodings (HO
)
)
\@linkdim=\dimen185
\Hy@linkcounter=\count306
\Hy@pagecounter=\count307

(C:\Users\мЭімКєнШД\AppData\Local\Programs\MiKTeX\tex/latex/hyperref\pd1enc.def
File: pd1enc.def 2025-07-12 v7.01o Hyperref: PDFDocEncoding definition (HO)
Now handling font encoding PD1 ...
... no UTF-8 mapping file for font encoding PD1
)
(C:\Users\мЭімКєнШД\AppData\Local\Programs\MiKTeX\tex/generic/intcalc\intcalc.s
ty
Package: intcalc 2019/12/15 v1.3 Expandable calculations with integers (HO)
)
\Hy@SavedSpaceFactor=\count308

(C:\Users\мЭімКєнШД\AppData\Local\Programs\MiKTeX\tex/latex/hyperref\puenc.def
File: puenc.def 2025-07-12 v7.01o Hyperref: PDF Unicode definition (HO)
Now handling font encoding PU ...
... no UTF-8 mapping file for font encoding PU
)
Package hyperref Info: Hyper figures OFF on input line 4195.
Package hyperref Info: Link nesting OFF on input line 4200.
Package hyperref Info: Hyper index ON on input line 4203.
Package hyperref Info: Plain pages OFF on input line 4210.
Package hyperref Info: Backreferencing OFF on input line 4215.
Package hyperref Info: Implicit mode ON; LaTeX internals redefined.
Package hyperref Info: Bookmarks ON on input line 4462.
\c@Hy@tempcnt=\count309
(C:\Users\мЭімКєнШД\AppData\Local\Programs\MiKTeX\tex/latex/url\url.sty
\Urlmuskip=\muskip18
Package: url 2013/09/16  ver 3.4  Verb mode for urls, etc.
)
LaTeX Info: Redefining \url on input line 4801.
\XeTeXLinkMargin=\dimen186

(C:\Users\мЭімКєнШД\AppData\Local\Programs\MiKTeX\tex/generic/bitset\bitset.sty
Package: bitset 2019/12/09 v1.3 Handle bit-vector datatype (HO)

(C:\Users\мЭімКєнШД\AppData\Local\Programs\MiKTeX\tex/generic/bigintcalc\bigint
calc.sty
Package: bigintcalc 2019/12/15 v1.5 Expandable calculations on big integers (HO
)
))
\Fld@menulength=\count310
\Field@Width=\dimen187
\Fld@charsize=\dimen188
Package hyperref Info: Hyper figures OFF on input line 6078.
Package hyperref Info: Link nesting OFF on input line 6083.
Package hyperref Info: Hyper index ON on input line 6086.
Package hyperref Info: backreferencing OFF on input line 6093.
Package hyperref Info: Link coloring OFF on input line 6098.
Package hyperref Info: Link coloring with OCG OFF on input line 6103.
Package hyperref Info: PDF/A mode OFF on input line 6108.
\Hy@abspage=\count311
\c@Item=\count312
\c@Hfootnote=\count313
)
Package hyperref Info: Driver (autodetected): hpdftex.

(C:\Users\мЭімКєнШД\AppData\Local\Programs\MiKTeX\tex/latex/hyperref\hpdftex.de
f
File: hpdftex.def 2025-07-12 v7.01o Hyperref driver for pdfTeX
\Fld@listcount=\count314
\c@bookmark@seq@number=\count315

(C:\Users\мЭімКєнШД\AppData\Local\Programs\MiKTeX\tex/latex/rerunfilecheck\reru
nfilecheck.sty
Package: rerunfilecheck 2025-06-21 v1.11 Rerun checks for auxiliary files (HO)

(C:\Users\мЭімКєнШД\AppData\Local\Programs\MiKTeX\tex/generic/uniquecounter\uni
quecounter.sty
Package: uniquecounter 2019/12/15 v1.4 Provide unlimited unique counter (HO)
)
Package uniquecounter Info: New unique counter `rerunfilecheck' on input line 2
84.
)
\Hy@SectionHShift=\skip54
)
(C:\Users\мЭімКєнШД\AppData\Local\Programs\MiKTeX\tex/latex/natbib\natbib.sty
Package: natbib 2010/09/13 8.31b (PWD, AO)
\bibhang=\skip55
\bibsep=\skip56
LaTeX Info: Redefining \cite on input line 694.
\c@NAT@ctr=\count316
)
(C:\Users\мЭімКєнШД\AppData\Local\Programs\MiKTeX\tex/latex/enumitem\enumitem.s
ty
Package: enumitem 2025/02/06 v3.11 Customized lists
\labelindent=\skip57
\enit@outerparindent=\dimen189
\enit@toks=\toks27
\enit@inbox=\box55
\enit@count@id=\count317
\enitdp@description=\count318
)
(C:\Users\мЭімКєнШД\AppData\Local\Programs\MiKTeX\tex/latex/caption\caption.sty
Package: caption 2023/08/05 v3.6o Customizing captions (AR)

(C:\Users\мЭімКєнШД\AppData\Local\Programs\MiKTeX\tex/latex/caption\caption3.st
y
Package: caption3 2023/07/31 v2.4d caption3 kernel (AR)
\caption@tempdima=\dimen190
\captionmargin=\dimen191
\caption@leftmargin=\dimen192
\caption@rightmargin=\dimen193
\caption@width=\dimen194
\caption@indent=\dimen195
\caption@parindent=\dimen196
\caption@hangindent=\dimen197
Package caption Info: Standard document class detected.
)
\c@caption@flags=\count319
\c@continuedfloat=\count320
Package caption Info: hyperref package is loaded.
)
(C:\Users\мЭімКєнШД\AppData\Local\Programs\MiKTeX\tex/latex/caption\subcaption.
sty
Package: subcaption 2023/07/28 v1.6b Sub-captions (AR)
Package caption Info: New subtype `subfigure' on input line 238.
\c@subfigure=\count321
Package caption Info: New subtype `subtable' on input line 238.
\c@subtable=\count322
)
(C:\Users\мЭімКєнШД\AppData\Local\Programs\MiKTeX\tex/latex/multirow\multirow.s
ty
Package: multirow 2024/11/12 v2.9 Span multiple rows of a table
\multirow@colwidth=\skip58
\multirow@cntb=\count323
\multirow@dima=\skip59
\bigstrutjot=\dimen198
)
(C:\Users\мЭімКєнШД\AppData\Local\Programs\MiKTeX\tex/latex/dblfloatfix\dblfloa
tfix.sty
Package: dblfloatfix 2012/12/31 v1.0a (JAW)

(C:\Users\мЭімКєнШД\AppData\Local\Programs\MiKTeX\tex/latex/base\fixltx2e.sty
Package: fixltx2e 2016/12/29 v2.1a fixes to LaTeX (obsolete)
Applying: [2015/01/01] Old fixltx2e package on input line 46.


Package fixltx2e Warning: fixltx2e is not required with releases after 2015
(fixltx2e)                All fixes are now in the LaTeX kernel.
(fixltx2e)                See the latexrelease package for details.

Already applied: [0000/00/00] Old fixltx2e package on input line 53.
)
\@dblbotnum=\count324
\c@dblbotnumber=\count325
)
(C:\Users\мЭімКєнШД\AppData\Local\Programs\MiKTeX\tex/latex/microtype\microtype
.sty
Package: microtype 2026/03/01 v3.2d Micro-typographical refinements (RS)
\MT@toks=\toks28
\MT@tempbox=\box56
\MT@count=\count326
LaTeX Info: Redefining \noprotrusionifhmode on input line 1084.
LaTeX Info: Redefining \leftprotrusion on input line 1085.
\MT@prot@toks=\toks29
LaTeX Info: Redefining \rightprotrusion on input line 1104.
LaTeX Info: Redefining \textls on input line 1449.
\MT@outer@kern=\dimen199
LaTeX Info: Redefining \microtypecontext on input line 2053.
LaTeX Info: Redefining \textmicrotypecontext on input line 2070.
\MT@listname@count=\count327

(C:\Users\мЭімКєнШД\AppData\Local\Programs\MiKTeX\tex/latex/microtype\microtype
-pdftex.def
File: microtype-pdftex.def 2026/03/01 v3.2d Definitions specific to pdftex (RS)

LaTeX Info: Redefining \lsstyle on input line 944.
LaTeX Info: Redefining \lslig on input line 944.
\MT@outer@space=\skip60
)
Package microtype Info: Loading configuration file microtype.cfg.

(C:\Users\мЭімКєнШД\AppData\Local\Programs\MiKTeX\tex/latex/microtype\microtype
.cfg
File: microtype.cfg 2026/03/01 v3.2d microtype main configuration file (RS)
)
LaTeX Info: Redefining \microtypesetup on input line 3065.
)
(C:\Users\мЭімКєнШД\AppData\Local\Programs\MiKTeX\tex/latex/l3backend\l3backend
-pdftex.def
File: l3backend-pdftex.def 2025-10-09 L3 backend support: PDF output (pdfTeX)
\l__color_backend_stack_int=\count328
) (draft.aux)
\openout1 = `draft.aux'.

LaTeX Font Info:    Checking defaults for OML/cmm/m/it on input line 45.
LaTeX Font Info:    ... okay on input line 45.
LaTeX Font Info:    Checking defaults for OMS/cmsy/m/n on input line 45.
LaTeX Font Info:    ... okay on input line 45.
LaTeX Font Info:    Checking defaults for OT1/cmr/m/n on input line 45.
LaTeX Font Info:    ... okay on input line 45.
LaTeX Font Info:    Checking defaults for T1/cmr/m/n on input line 45.
LaTeX Font Info:    ... okay on input line 45.
LaTeX Font Info:    Checking defaults for TS1/cmr/m/n on input line 45.
LaTeX Font Info:    ... okay on input line 45.
LaTeX Font Info:    Checking defaults for OMX/cmex/m/n on input line 45.
LaTeX Font Info:    ... okay on input line 45.
LaTeX Font Info:    Checking defaults for U/cmr/m/n on input line 45.
LaTeX Font Info:    ... okay on input line 45.
LaTeX Font Info:    Checking defaults for LUC/nanummj/m/n on input line 45.
LaTeX Font Info:    Trying to load font information for LUC+nanummj on input li
ne 45.

(C:\Users\мЭімКєнШД\AppData\Local\Programs\MiKTeX\tex/latex/nanumtype1\lucnanum
mj.fd
File: lucnanummj.fd 2013/02/12 v0.1 Nanum Myeongjo font definitions
)
LaTeX Font Info:    ... okay on input line 45.
LaTeX Font Info:    Checking defaults for PD1/pdf/m/n on input line 45.
LaTeX Font Info:    ... okay on input line 45.
LaTeX Font Info:    Checking defaults for PU/pdf/m/n on input line 45.
LaTeX Font Info:    ... okay on input line 45.

*geometry* driver: auto-detecting
*geometry* detected driver: pdftex
*geometry* verbose mode - [ preamble ] result:
* driver: pdftex
* paper: a4paper
* layout: <same size as paper>
* layoutoffset:(h,v)=(0.0pt,0.0pt)
* modes: 
* h-part:(L,W,R)=(71.13188pt, 455.24411pt, 71.13188pt)
* v-part:(T,H,B)=(71.13188pt, 702.78308pt, 71.13188pt)
* \paperwidth=597.50787pt
* \paperheight=845.04684pt
* \textwidth=455.24411pt
* \textheight=702.78308pt
* \oddsidemargin=-1.1381pt
* \evensidemargin=-1.1381pt
* \topmargin=-38.1381pt
* \headheight=12.0pt
* \headsep=25.0pt
* \topskip=11.0pt
* \footskip=30.0pt
* \marginparwidth=4.0pt
* \marginparsep=10.0pt
* \columnsep=10.0pt
* \skip\footins=13.88855pt plus 5.55573pt minus 2.7771pt
* \hoffset=0.0pt
* \voffset=0.0pt
* \mag=1000
* \@twocolumntrue
* \@twosidefalse
* \@mparswitchfalse
* \@reversemarginfalse
* (1in=72.27pt=25.4mm, 1cm=28.453pt)


(C:\Users\мЭімКєнШД\AppData\Local\Programs\MiKTeX\tex/context/base/mkii\supp-pd
f.mkii
[Loading MPS to PDF converter (version 2006.09.02).]
\scratchcounter=\count329
\scratchdimen=\dimen256
\scratchbox=\box57
\nofMPsegments=\count330
\nofMParguments=\count331
\everyMPshowfont=\toks30
\MPscratchCnt=\count332
\MPscratchDim=\dimen257
\MPnumerator=\count333
\makeMPintoPDFobject=\count334
\everyMPtoPDFconversion=\toks31
)
(C:\Users\мЭімКєнШД\AppData\Local\Programs\MiKTeX\tex/latex/epstopdf-pkg\epstop
df-base.sty
Package: epstopdf-base 2020-01-24 v2.11 Base part for package epstopdf
Package epstopdf-base Info: Redefining graphics rule for `.eps' on input line 4
85.

(C:\Users\мЭімКєнШД\AppData\Local\Programs\MiKTeX\tex/latex/00miktex\epstopdf-s
ys.cfg
File: epstopdf-sys.cfg 2021/03/18 v2.0 Configuration of epstopdf for MiKTeX
))
Package hyperref Info: Link coloring OFF on input line 45.
 (draft.out) (draft.out)
\@outlinefile=\write3
\openout3 = `draft.out'.

Package caption Info: Begin \AtBeginDocument code.
Package caption Info: End \AtBeginDocument code.


Package microtype Warning: Command \pickup@font is not defined as expected.
(microtype)                Patching it anyway. Some things may break.
(microtype)                Double-check whether micro-typography is indeed
(microtype)                applied to the document.
(microtype)                (Hint: Turn on `verbose' mode).

LaTeX Info: Redefining \microtypecontext on input line 45.
Package microtype Info: Applying patch `item' on input line 45.
Package microtype Info: Applying patch `toc' on input line 45.
Package microtype Info: Applying patch `eqnum' on input line 45.
Package microtype Info: Applying patch `footnote' on input line 45.
Package microtype Info: Applying patch `verbatim' on input line 45.
LaTeX Info: Redefining \microtypesetup on input line 45.
Package microtype Info: Generating PDF output.
Package microtype Info: Character protrusion enabled (level 2).
Package microtype Info: Using default protrusion set `alltext'.
Package microtype Info: No font expansion.
Package microtype Info: No adjustment of tracking.
Package microtype Info: No adjustment of interword spacing.
Package microtype Info: No adjustment of character kerning.

(C:\Users\мЭімКєнШД\AppData\Local\Programs\MiKTeX\tex/latex/microtype\mt-cmr.cf
g
File: mt-cmr.cfg 2013/05/19 v2.2 microtype config. file: Computer Modern Roman 
(RS)
)
LaTeX Font Info:    Trying to load font information for U+msa on input line 47.

 (C:\Users\мЭімКєнШД\AppData\Local\Programs\MiKTeX\tex/latex/amsfonts\umsa.fd
File: umsa.fd 2013/01/14 v3.01 AMS symbols A
)
(C:\Users\мЭімКєнШД\AppData\Local\Programs\MiKTeX\tex/latex/microtype\mt-msa.cf
g
File: mt-msa.cfg 2006/02/04 v1.1 microtype config. file: AMS symbols (a) (RS)
)
LaTeX Font Info:    Trying to load font information for U+msb on input line 47.

 (C:\Users\мЭімКєнШД\AppData\Local\Programs\MiKTeX\tex/latex/amsfonts\umsb.fd
File: umsb.fd 2013/01/14 v3.01 AMS symbols B
)
(C:\Users\мЭімКєнШД\AppData\Local\Programs\MiKTeX\tex/latex/microtype\mt-msb.cf
g
File: mt-msb.cfg 2005/06/01 v1.0 microtype config. file: AMS symbols (b) (RS)
)
LaTeX Font Info:    Font shape `LUC/nanummj/m/it' in size <10.95> not available

(Font)              Font shape `LUC/nanummj/m/sl' tried instead on input line 5
6.
Package microtype Info: Loading generic protrusion settings for font family
(microtype)             `cmss' (encoding: OT1).
(microtype)             For optimal results, create family-specific settings.
(microtype)             See the microtype manual for details.

Underfull \vbox (badness 10000) has occurred while \output is active []

 [1{C:/Users/мЭімКєнШД/AppData/Local/MiKTeX/fonts/map/pdftex/pdftex.map}


]
Underfull \hbox (badness 2050) in paragraph at lines 117--149
\OT1/cmr/m/n/10.95 nel. Sup-ple-men-tary or-thog-o-nalised impulse-
 []

[2] [3]
Underfull \hbox (badness 1102) in paragraph at lines 257--264
[]\LUC/nanummj/m/n/10.95/bc ш \LUC/nanummj/m/n/10.95/c5 р\LUC/nanummj/m/n/10.95
/ad l\LUC/nanummj/m/n/10.95/c7 X \OT1/cmr/m/n/10.95 CH2(\LUC/nanummj/m/n/10.95/
b2 t\LUC/nanummj/m/n/10.95/c2 § \LUC/nanummj/m/n/10.95/bc ф\LUC/nanummj/m/n/10.
95/b3 ƒ\LUC/nanummj/m/n/10.95/b7 …\OT1/cmr/m/n/10.95 )\LUC/nanummj/m/n/10.95/c6
 @ \OT1/cmr/m/n/10.95 CH3(\LUC/nanummj/m/n/10.95/b2 t\LUC/nanummj/m/n/10.95/c2 
§
 []


Underfull \hbox (badness 1248) in paragraph at lines 257--264
\LUC/nanummj/m/n/10.95/ac ^^P\LUC/nanummj/m/n/10.95/c1 1\OT1/cmr/m/n/10.95 )\LU
C/nanummj/m/n/10.95/b2 Ф \LUC/nanummj/m/n/10.95/c7 ^^D \LUC/nanummj/m/n/10.95/b
4 P \LUC/nanummj/m/n/10.95/cc (\LUC/nanummj/m/n/10.95/c6 –\OT1/cmr/m/n/10.95 --
-\LUC/nanummj/m/sl/10.95 ф\LUC/nanummj/m/sl/10.95 ƒ\LUC/nanummj/m/sl/10.95 X \L
UC/nanummj/m/sl/10.95 С\LUC/nanummj/m/sl/10.95 ь \LUC/nanummj/m/sl/10.95 і\LUC/
nanummj/m/sl/10.95 p\OT1/cmr/m/n/10.95 ---\LUC/nanummj/m/n/10.95/c7 D
 []


Package hyperref Warning: Token not allowed in a PDF string (Unicode):
(hyperref)                removing `\hbox' on input line 265.


Package hyperref Warning: Token not allowed in a PDF string (Unicode):
(hyperref)                removing `\hss' on input line 265.


Package hyperref Warning: Token not allowed in a PDF string (Unicode):
(hyperref)                removing `\hss' on input line 265.


Underfull \vbox (badness 1845) has occurred while \output is active []


Underfull \hbox (badness 10000) in paragraph at lines 277--286
[]\LUC/nanummj/m/n/10.95/bc ш \LUC/nanummj/m/n/10.95/c5 р\LUC/nanummj/m/n/10.95
/ad l\LUC/nanummj/m/n/10.95/c7 X \OT1/cmr/m/n/10.95 CH4(YouTube \LUC/nanummj/m/
n/10.95/c8 p\LUC/nanummj/m/n/10.95/d6 М\LUC/nanummj/m/n/10.95/c2 ^^X\OT1/cmr/m/
n/10.95 )\LUC/nanummj/m/n/10.95/c6 @
 []


Underfull \hbox (badness 7397) in paragraph at lines 277--286
\OT1/cmr/m/n/10.95 CH5(YouTube \LUC/nanummj/m/n/10.95/b3 ^^S\LUC/nanummj/m/n/10
.95/ae ^^@ \LUC/nanummj/m/n/10.95/ac ^^P\LUC/nanummj/m/n/10.95/c1 1\OT1/cmr/m/n
/10.95 )\LUC/nanummj/m/n/10.95/b2 Ф \LUC/nanummj/m/n/10.95/b3 ў\LUC/nanummj/m/n
/10.95/c7 | \LUC/nanummj/m/n/10.95/c9 Ѕ\LUC/nanummj/m/n/10.95/ad ^^@\LUC/nanumm
j/m/n/10.95/c7 D
 []


Underfull \hbox (badness 2894) in paragraph at lines 277--286
\LUC/nanummj/m/sl/10.95 ^^A\LUC/nanummj/m/sl/10.95 Ѕ \LUC/nanummj/m/sl/10.95 ^^
L\LUC/nanummj/m/sl/10.95 Ђ\LUC/nanummj/m/sl/10.95 ь\LUC/nanummj/m/n/10.95/c7 <\
LUC/nanummj/m/n/10.95/b8 \ \LUC/nanummj/m/n/10.95/d6 U\LUC/nanummj/m/n/10.95/c7
 •\LUC/nanummj/m/n/10.95/d5 \\LUC/nanummj/m/n/10.95/b2 д\OT1/cmr/m/n/10.95 . CH
4\LUC/nanummj/m/n/10.95/b2 Ф \LUC/nanummj/m/n/10.95/c7 Р\LUC/nanummj/m/n/10.95/
c0 ∞\OT1/cmr/m/n/10.95 -\LUC/nanummj/m/n/10.95/c5 D
 []


Underfull \hbox (badness 3735) in paragraph at lines 277--286
\LUC/nanummj/m/n/10.95/c7 t\LUC/nanummj/m/n/10.95/d1 \\LUC/nanummj/m/n/10.95/bc
 ƒ \OT1/cmr/m/n/10.95 ``re-sell, re-view'' \LUC/nanummj/m/n/10.95/d0 §\LUC/nanu
mmj/m/n/10.95/c6 ћ\LUC/nanummj/m/n/10.95/b4 №\LUC/nanummj/m/n/10.95/b9 | \LUC/n
anummj/m/n/10.95/ae 0\LUC/nanummj/m/n/10.95/bc ^^X\LUC/nanummj/m/n/10.95/c7 <\L
UC/nanummj/m/n/10.95/b8 \
 []


Underfull \hbox (badness 1648) in paragraph at lines 277--286
\LUC/nanummj/m/n/10.95/c2 ^^X\LUC/nanummj/m/n/10.95/c9 —\LUC/nanummj/m/n/10.95/
d5 \ \LUC/nanummj/m/n/10.95/c6 ^^A\LUC/nanummj/m/n/10.95/c0 Ѕ\LUC/nanummj/m/n/1
0.95/c7 X \LUC/nanummj/m/n/10.95/c6 ‘\LUC/nanummj/m/n/10.95/bc ƒ \LUC/nanummj/m
/n/10.95/c8 p\LUC/nanummj/m/n/10.95/d6 М\LUC/nanummj/m/n/10.95/c2 ^^X \LUC/nanu
mmj/m/n/10.95/d5 i\LUC/nanummj/m/n/10.95/c0 ∞\OT1/cmr/m/n/10.95 (\LUC/nanummj/m
/n/10.95/c5 D\LUC/nanummj/m/n/10.95/c7 t\LUC/nanummj/m/n/10.95/d1 \ \LUC/nanumm
j/m/n/10.95/b0 і
 []


Underfull \hbox (badness 1675) in paragraph at lines 296--305
[]\LUC/nanummj/m/n/10.95/ba 8\LUC/nanummj/m/n/10.95/c2 а\LUC/nanummj/m/n/10.95/
b7 м\LUC/nanummj/m/n/10.95/b2 Ё \LUC/nanummj/m/n/10.95/ba ®\LUC/nanummj/m/n/10.
95/d6 ^^U\LUC/nanummj/m/n/10.95/c7 X \LUC/nanummj/m/n/10.95/d5 t\LUC/nanummj/m/
n/10.95/c1 ^^] \LUC/nanummj/m/n/10.95/ac ^^@\LUC/nanummj/m/n/10.95/b2 •\LUC/nan
ummj/m/n/10.95/c1 1\LUC/nanummj/m/n/10.95/c5 – \LUC/nanummj/m/n/10.95/ad ^^@\LU
C/nanummj/m/n/10.95/d5 t\LUC/nanummj/m/n/10.95/c1 ^^\\LUC/nanummj/m/n/10.95/b2 
Ф\OT1/cmr/m/n/10.95 ,
 []

[4]

Package hyperref Warning: Token not allowed in a PDF string (Unicode):
(hyperref)                removing `\hbox' on input line 306.


Package hyperref Warning: Token not allowed in a PDF string (Unicode):
(hyperref)                removing `\hss' on input line 306.


Package hyperref Warning: Token not allowed in a PDF string (Unicode):
(hyperref)                removing `\hss' on input line 306.

[5]
Underfull \hbox (badness 10000) in paragraph at lines 460--464
[]\OT1/cmr/bx/n/10.95 CH2[]CH3 (GDELT). \OT1/cmr/m/n/10.95 CH2\LUC/nanummj/m/n/
10.95/b2 Ф
 []


Underfull \hbox (badness 10000) in paragraph at lines 460--464
\OT1/cmtt/m/n/10.95 timelinevolnorm \LUC/nanummj/m/n/10.95/ba ®\LUC/nanummj/m/n
/10.95/b4 №\LUC/nanummj/m/n/10.95/b9 | \LUC/nanummj/m/n/10.95/c0 ђ\LUC/nanummj/
m/n/10.95/c6 ©\LUC/nanummj/m/n/10.95/d5 X\LUC/nanummj/m/n/10.95/c5 м \LUC/nanum
mj/m/n/10.95/c7 |\LUC/nanummj/m/n/10.95/bc ƒ
 []

LaTeX Font Info:    Font shape `LUC/nanummj/m/it' in size <9> not available
(Font)              Font shape `LUC/nanummj/m/sl' tried instead on input line 4
88.

Underfull \hbox (badness 1424) in paragraph at lines 471--489
\LUC/nanummj/m/n/10.95/c6 @ \OT1/cmtt/m/n/10.95 publishedBefore \LUC/nanummj/m/
n/10.95/d3 ^^L\LUC/nanummj/m/n/10.95/b7 |\LUC/nanummj/m/n/10.95/bb ш\LUC/nanumm
j/m/n/10.95/d1 0\LUC/nanummj/m/n/10.95/b8 \ \LUC/nanummj/m/n/10.95/ad l\LUC/nan
ummj/m/n/10.95/ac ^^D\LUC/nanummj/m/n/10.95/c7 D \LUC/nanummj/m/n/10.95/ac ^^U
 []


Underfull \hbox (badness 2065) in paragraph at lines 471--489
\OT1/cmr/m/it/10.95 re-view, price \LUC/nanummj/m/n/10.95/b4 с \LUC/nanummj/m/n
/10.95/c8 ^^U\LUC/nanummj/m/n/10.95/bc ф \LUC/nanummj/m/n/10.95/d0 –\LUC/nanumm
j/m/n/10.95/c0 …\LUC/nanummj/m/n/10.95/d6 ^^U \LUC/nanummj/m/n/10.95/c5 і\LUC/n
anummj/m/n/10.95/d7 ^^X\LUC/nanummj/m/n/10.95/b9 | \LUC/nanummj/m/n/10.95/ac ∞\
LUC/nanummj/m/n/10.95/d5 i
 []


Underfull \vbox (badness 6575) has occurred while \output is active []

 [6]
[7]
Overfull \hbox (15.83345pt too wide) detected at line 534
[]
 []


Underfull \hbox (badness 10000) in paragraph at lines 565--565
[]\LUC/nanummj/bx/n/12/d3 (\LUC/nanummj/bx/n/12/b1 ^^P \OT1/cmr/bx/n/12 Granger
 \LUC/nanummj/bx/n/12/c7 x\LUC/nanummj/bx/n/12/ac ь\LUC/nanummj/bx/n/12/c1 1 \L
UC/nanummj/bx/n/12/ac А\LUC/nanummj/bx/n/12/c8 ^^U
 []


Underfull \hbox (badness 2359) in paragraph at lines 575--577
[]\LUC/nanummj/bx/n/10.95/ac А\LUC/nanummj/bx/n/10.95/c8 ^^U \LUC/nanummj/bx/n/
10.95/d6 ^^U\LUC/nanummj/bx/n/10.95/d0 №\OT1/cmr/bx/n/10.95 . \LUC/nanummj/m/n/
10.95/c7 Р\LUC/nanummj/m/n/10.95/c0 ∞ $\OML/cmm/m/it/10.95 a$\LUC/nanummj/m/n/1
0.95/c5 – \LUC/nanummj/m/n/10.95/c1 Н\LUC/nanummj/m/n/10.95/d5 \ \LUC/nanummj/m
/n/10.95/c5 D\LUC/nanummj/m/n/10.95/c7 t\LUC/nanummj/m/n/10.95/d1 \ $\OML/cmm/m
/it/10.95 i \OMS/cmsy/m/n/10.95 2
 []


Overfull \hbox (52.9274pt too wide) detected at line 592
[][][][] \OT1/cmr/m/n/10.95 = [] \OMS/cmsy/m/n/10.95 ^^A [] []  []  N\OT1/cmr/m
/n/10.95 (0\OML/cmm/m/it/10.95 ; \OT1/cmr/m/n/10.95 1)
 []

[8]
Underfull \vbox (badness 10000) has occurred while \output is active []


Overfull \hbox (103.66418pt too wide) detected at line 660
[][]\OML/cmm/m/it/10.95 ;  [][];  [][];  [][]:
 []


Underfull \hbox (badness 10000) in paragraph at lines 664--664
[][][]\OT1/cmr/m/n/9 1\LUC/nanummj/m/n/9/ac ^^\\LUC/nanummj/m/n/9/c6 ‘ \LUC/nan
ummj/m/n/9/c2 ^^X\LUC/nanummj/m/n/9/c7 u\LUC/nanummj/m/n/9/b9 `\LUC/nanummj/m/n
/9/c7 D $\OML/cmm/m/it/9 l$\LUC/nanummj/m/n/9/ac ^^\\LUC/nanummj/m/n/9/c6 ‘ \LU
C/nanummj/m/n/9/c2 №\LUC/nanummj/m/n/9/cc ( \LUC/nanummj/m/n/9/c7 t\LUC/nanummj
/m/n/9/b3 ў\LUC/nanummj/m/n/9/d5 \
 []


Underfull \hbox (badness 10000) in paragraph at lines 664--664
\OT1/cmtt/m/n/9 pct[]change(1).shift(l) \LUC/nanummj/m/n/9/d6 ^^U\LUC/nanummj/m
/n/9/d0 №\LUC/nanummj/m/n/9/b9 | \LUC/nanummj/m/n/9/c0 ђ\LUC/nanummj/m/n/9/c6 ©
\LUC/nanummj/m/n/9/d5 X\LUC/nanummj/m/n/9/c5 м \LUC/nanummj/m/n/9/b2 ^^D\LUC/na
nummj/m/n/9/c1 $\LUC/nanummj/m/n/9/c7 D
 []


Underfull \hbox (badness 6300) in paragraph at lines 668--669
[]\OT1/cmr/bx/n/10.95 Model A (\LUC/nanummj/bx/n/10.95/c8 ^^D \LUC/nanummj/bx/n
/10.95/cc D\LUC/nanummj/bx/n/10.95/b1 ^^P\OT1/cmr/bx/n/10.95 ): \LUC/nanummj/m/
n/10.95/d1 µ\LUC/nanummj/m/n/10.95/c8 ^^\ \LUC/nanummj/m/n/10.95/d5 <\LUC/nanum
mj/m/n/10.95/cc Ш \OT1/cmr/m/n/10.95 +
 []

[9]
Underfull \hbox (badness 1231) in paragraph at lines 696--703
\OT1/cmr/m/n/10.95 and Lee[], []2017[]]\LUC/nanummj/m/n/10.95/b8 \ \LUC/nanummj
/m/n/10.95/cc D\LUC/nanummj/m/n/10.95/b1 ^^P\LUC/nanummj/m/n/10.95/bc ƒ \LUC/na
nummj/m/n/10.95/d3 …\LUC/nanummj/m/n/10.95/ad а \LUC/nanummj/m/n/10.95/c8 ^^H\L
UC/nanummj/m/n/10.95/b3 ^^@ \OT1/cmr/m/n/10.95 SHAP
 []


Underfull \hbox (badness 7963) in paragraph at lines 696--703
\LUC/nanummj/m/n/10.95/ac ^^R\OT1/cmr/m/n/10.95 (global fea-ture im-por-tance)\
LUC/nanummj/m/n/10.95/c7 D \LUC/nanummj/m/n/10.95/c0 ∞\LUC/nanummj/m/n/10.95/cd
 Ь\LUC/nanummj/m/n/10.95/d5 X\LUC/nanummj/m/n/10.95/ac а\OT1/cmr/m/n/10.95 ,
 []


Underfull \hbox (badness 5787) in paragraph at lines 713--713
[][][]\LUC/nanummj/m/n/9/c8 ^^@\LUC/nanummj/m/n/9/c7 •\LUC/nanummj/m/n/9/c1 М \
OT1/cmr/m/n/9 URL\LUC/nanummj/m/n/9/c7 @ \LUC/nanummj/m/n/9/cd Ь\LUC/nanummj/m/
n/9/d3 ^^P \LUC/nanummj/m/n/9/c2 № \LUC/nanummj/m/n/9/ac х^^\\OT1/cmr/m/n/9 . \
LUC/nanummj/m/n/9/d5 u\LUC/nanummj/m/n/9/c2 м \LUC/nanummj/m/n/9/b5 ^^T\LUC/nan
ummj/m/n/9/b8 	\LUC/nanummj/m/n/9/d1 †\LUC/nanummj/m/n/9/b9 ђ\OT1/cmr/m/n/9 :
 []


Underfull \hbox (badness 10000) in paragraph at lines 704--714
[]\LUC/nanummj/bx/n/10.95/c7 ђ\LUC/nanummj/bx/n/10.95/d6 ^^D\LUC/nanummj/bx/n/1
0.95/c1 1\OT1/cmr/bx/n/10.95 . \LUC/nanummj/m/n/10.95/c8 ь \LUC/nanummj/m/n/10.
95/bd Д\LUC/nanummj/m/n/10.95/c1 ^^]\LUC/nanummj/m/n/10.95/c5 –\LUC/nanummj/m/n
/10.95/c1 ^^\\LUC/nanummj/m/n/10.95/b2 Ф \LUC/nanummj/m/n/10.95/be D\LUC/nanumm
j/m/n/10.95/ad P \LUC/nanummj/m/n/10.95/ac х\LUC/nanummj/m/n/10.95/c8 ^^U\LUC/n
anummj/m/n/10.95/c1 1\LUC/nanummj/m/n/10.95/c7 D
 []


Underfull \hbox (badness 7151) in paragraph at lines 704--714
\LUC/nanummj/m/n/10.95/c7 ^^D\LUC/nanummj/m/n/10.95/d5 t \LUC/nanummj/m/n/10.95
/b4 P \LUC/nanummj/m/n/10.95/ba ®\LUC/nanummj/m/n/10.95/d6 ^^U\LUC/nanummj/m/n/
10.95/c5 – \LUC/nanummj/m/n/10.95/b3 ў\LUC/nanummj/m/n/10.95/c7 |\LUC/nanummj/m
/n/10.95/d5 \ \LUC/nanummj/m/n/10.95/ac а\LUC/nanummj/m/n/10.95/c8 ^^U \LUC/nan
ummj/m/n/10.95/d5 X\LUC/nanummj/m/n/10.95/c7 t\LUC/nanummj/m/n/10.95/d3 |^^L\LU
C/nanummj/m/n/10.95/b7 |
 []


Underfull \hbox (badness 10000) in paragraph at lines 704--714
\LUC/nanummj/m/n/10.95/bb ш\LUC/nanummj/m/n/10.95/d1 0\OT1/cmr/m/n/10.95 (\OT1/
cmtt/m/n/10.95 n[]estimators\OT1/cmr/m/n/10.95 =100, \OT1/cmtt/m/n/10.95 max[]d
epth\OT1/cmr/m/n/10.95 =3,
 []


Underfull \hbox (badness 10000) in paragraph at lines 704--714
\OT1/cmtt/m/n/10.95 learning[]rate\OT1/cmr/m/n/10.95 =0.05)\LUC/nanummj/m/n/10.
95/b9 | \LUC/nanummj/m/n/10.95/c8 ^^A\LUC/nanummj/m/n/10.95/c6 ©\LUC/nanummj/m/
n/10.95/d5 X\LUC/nanummj/m/n/10.95/ac а
 []


Underfull \hbox (badness 2126) in paragraph at lines 704--714
\OT1/cmtt/m/n/10.95 random[]state\LUC/nanummj/m/n/10.95/b9 | \OT1/cmr/m/n/10.95
 42\LUC/nanummj/m/n/10.95/b8 \ \LUC/nanummj/m/n/10.95/ac а\LUC/nanummj/m/n/10.9
5/c8 ^^U\LUC/nanummj/m/n/10.95/d5 X\LUC/nanummj/m/n/10.95/c6 ^^@\LUC/nanummj/m/
n/10.95/b2 д\OT1/cmr/m/n/10.95 . \LUC/nanummj/m/n/10.95/b2 и\LUC/nanummj/m/n/10
.95/c2 ^^\ \OT1/cmr/m/n/10.95 de-
 []


Underfull \hbox (badness 1194) in paragraph at lines 704--714
\OT1/cmr/m/n/10.95 fault \LUC/nanummj/m/n/10.95/c8 ^^A\LUC/nanummj/m/n/10.95/d5
 i\LUC/nanummj/m/n/10.95/c7 t \LUC/nanummj/m/n/10.95/b4 P \LUC/nanummj/m/n/10.9
5/ba ®\LUC/nanummj/m/n/10.95/d6 ^^U \LUC/nanummj/m/n/10.95/c9 ^^Q \LUC/nanummj/
m/n/10.95/d5 \\LUC/nanummj/m/n/10.95/ca љ\LUC/nanummj/m/n/10.95/c5 – \LUC/nanum
mj/m/n/10.95/c6 ∞\LUC/nanummj/m/n/10.95/c5 р\LUC/nanummj/m/n/10.95/d7 И \LUC/na
nummj/m/n/10.95/b3 T
 []


Underfull \hbox (badness 3281) in paragraph at lines 704--714
\LUC/nanummj/m/n/10.95/c2 ^^X\LUC/nanummj/m/n/10.95/c9 —\OT1/cmr/m/n/10.95 , \L
UC/nanummj/m/n/10.95/c8 ^^P\LUC/nanummj/m/n/10.95/c2 ^^X \LUC/nanummj/m/n/10.95
/bc ј\LUC/nanummj/m/n/10.95/d6 X\OT1/cmr/m/n/10.95 , ADF[]Granger[]DH[]VAR
 []

LaTeX Font Info:    Font shape `LUC/nanummj/m/it' in size <10> not available
(Font)              Font shape `LUC/nanummj/m/sl' tried instead on input line 7
47.

Underfull \hbox (badness 6141) in paragraph at lines 782--788
[]\LUC/nanummj/m/n/10.95/c2 §\LUC/nanummj/m/n/10.95/b2 »\LUC/nanummj/m/n/10.95/
ce д\LUC/nanummj/m/n/10.95/c9 И\LUC/nanummj/m/n/10.95/b2 Ф \LUC/nanummj/m/n/10.
95/ac ^^@© \LUC/nanummj/m/n/10.95/d4 \\LUC/nanummj/m/n/10.95/c9 ^^@\LUC/nanummj
/m/n/10.95/d3 Є\LUC/nanummj/m/n/10.95/cc (\OT1/cmr/m/n/10.95 (565.0)\LUC/nanumm
j/m/n/10.95/ac ^^@ \LUC/nanummj/m/n/10.95/d3 …\LUC/nanummj/m/n/10.95/ad а
 []


Overfull \hbox (25.11899pt too wide) in paragraph at lines 811--842
 [][] 
 []

[10]
Underfull \hbox (badness 2856) in paragraph at lines 896--904
[]\LUC/nanummj/m/n/10.95/c2 §\LUC/nanummj/m/n/10.95/b2 »\LUC/nanummj/m/n/10.95/
ce д\LUC/nanummj/m/n/10.95/c9 И\LUC/nanummj/m/n/10.95/c5 –\LUC/nanummj/m/n/10.9
5/c1 ^^\\LUC/nanummj/m/n/10.95/b2 Ф \LUC/nanummj/m/n/10.95/c1 8 \LUC/nanummj/m/
n/10.95/cc D\LUC/nanummj/m/n/10.95/b1 ^^P\OT1/cmr/m/n/10.95 ---CH3(\LUC/nanummj
/m/n/10.95/b2 t\LUC/nanummj/m/n/10.95/c2 § \LUC/nanummj/m/n/10.95/ac ^^P\LUC/na
nummj/m/n/10.95/c1 1\OT1/cmr/m/n/10.95 ,
 []


Underfull \vbox (badness 10000) has occurred while \output is active []


Underfull \hbox (badness 10000) in paragraph at lines 973--979
[]\LUC/nanummj/m/n/10.95/c8 ь\LUC/nanummj/m/n/10.95/ba ©\LUC/nanummj/m/n/10.95/
d5 ` \LUC/nanummj/m/n/10.95/b9 ћ\LUC/nanummj/m/n/10.95/d5 \ \LUC/nanummj/m/n/10
.95/cd Ф\LUC/nanummj/m/n/10.95/ac ^^@ \LUC/nanummj/m/n/10.95/ad ^^@\LUC/nanummj
/m/n/10.95/cc 0\LUC/nanummj/m/n/10.95/b8 \\OT1/cmr/m/n/10.95 , sneak-ers\LUC/na
nummj/m/n/10.95/c7 X
 []


Underfull \hbox (badness 1360) in paragraph at lines 973--979
\OT1/cmr/m/n/10.95 CH5(YouTube \LUC/nanummj/m/n/10.95/b3 ^^S\LUC/nanummj/m/n/10
.95/ae ^^@ \LUC/nanummj/m/n/10.95/ac ^^P\LUC/nanummj/m/n/10.95/c1 1\OT1/cmr/m/n
/10.95 )\LUC/nanummj/m/n/10.95/ac ^^@ $\OML/cmm/m/it/10.95 L \OT1/cmr/m/n/10.95
 = 1$\LUC/nanummj/m/n/10.95/c5 –\LUC/nanummj/m/n/10.95/c1 ^^\\LUC/nanummj/m/n/1
0.95/b2 Ф
 []


Underfull \hbox (badness 2293) in paragraph at lines 973--979
\LUC/nanummj/m/n/10.95/cd \\LUC/nanummj/m/n/10.95/c8 ^^A \LUC/nanummj/m/n/10.95
/b7 Ш\LUC/nanummj/m/n/10.95/ad ш\LUC/nanummj/m/n/10.95/b8 \ \LUC/nanummj/m/n/10
.95/c1  \LUC/nanummj/m/n/10.95/d0 Ё\LUC/nanummj/m/n/10.95/d5 X\LUC/nanummj/m/n/
10.95/c6 ^^@\LUC/nanummj/m/n/10.95/c7 <\LUC/nanummj/m/n/10.95/bb ј\LUC/nanummj/
m/n/10.95/b8 \ \LUC/nanummj/m/n/10.95/c8 ь \LUC/nanummj/m/n/10.95/bd Д\LUC/nanu
mmj/m/n/10.95/c1 ^^]\LUC/nanummj/m/n/10.95/c5 –\LUC/nanummj/m/n/10.95/c1 ^^\\LU
C/nanummj/m/n/10.95/b2 Ф
 []


Underfull \hbox (badness 3635) in paragraph at lines 973--979
\LUC/nanummj/m/n/10.95/d6 ®\LUC/nanummj/m/n/10.95/ac ь^^@ \OT1/cmr/m/it/10.95 2
~3\LUC/nanummj/m/sl/10.95 ^^\\LUC/nanummj/m/sl/10.95 ‘ \LUC/nanummj/m/sl/10.95 
ј\LUC/nanummj/m/sl/10.95 р\LUC/nanummj/m/n/10.95/b4 ^^X\LUC/nanummj/m/n/10.95/c
5 і \LUC/nanummj/m/n/10.95/b0 Ш\LUC/nanummj/m/n/10.95/d0 ј\LUC/nanummj/m/n/10.9
5/b0 † \LUC/nanummj/m/n/10.95/ac ^^@\LUC/nanummj/m/n/10.95/b2 •\LUC/nanummj/m/n
/10.95/c1 1\LUC/nanummj/m/n/10.95/c7 D
 []

[11]
Underfull \hbox (badness 10000) in paragraph at lines 982--982
[]\OT1/cmr/bx/n/12 RQ1 \LUC/nanummj/bx/n/12/d3 (\LUC/nanummj/bx/n/12/b1 ^^P \LU
C/nanummj/bx/n/12/ac ђа\LUC/nanummj/bx/n/12/c1 1 \LUC/nanummj/bx/n/12/ac А\LUC/
nanummj/bx/n/12/d1 †\OT1/cmr/bx/n/12 :
 []

LaTeX Font Info:    Trying to load font information for OMS+cmr on input line 1
035.
(C:\Users\мЭімКєнШД\AppData\Local\Programs\MiKTeX\tex/latex/base\omscmr.fd
File: omscmr.fd 2024/11/19 v2.5n Standard LaTeX font definitions
)
LaTeX Font Info:    Font shape `OMS/cmr/m/n' in size <10> not available
(Font)              Font shape `OMS/cmsy/m/n' tried instead on input line 1035.


Overfull \hbox (143.02066pt too wide) in paragraph at lines 1009--1038
 [][] 
 []


Underfull \vbox (badness 10000) has occurred while \output is active []

 [12]
LaTeX Font Info:    Font shape `OMS/cmr/m/n' in size <10.95> not available
(Font)              Font shape `OMS/cmsy/m/n' tried instead on input line 1059.


Underfull \hbox (badness 1087) in paragraph at lines 1055--1064
[]\TS1/cmr/m/n/10.95 І[]\OT1/cmr/m/n/10.95 4.3[]\LUC/nanummj/m/n/10.95/c7 X Р\L
UC/nanummj/m/n/10.95/c0 ∞\OT1/cmr/m/n/10.95 -\LUC/nanummj/m/n/10.95/d3 …\LUC/na
nummj/m/n/10.95/ad а \OT1/cmr/m/n/10.95 BH \LUC/nanummj/m/n/10.95/bc ф\LUC/nanu
mmj/m/n/10.95/c8 ^^U \LUC/nanummj/m/n/10.95/ac ∞ь\OT1/cmr/m/n/10.95 (\LUC/nanum
mj/m/n/10.95/bd А\LUC/nanummj/m/n/10.95/b8 ] \TS1/cmr/m/n/10.95 І[]\OT1/cmr/m/n
/10.95 A[])
 []


Underfull \vbox (badness 8075) has occurred while \output is active []

 [13]
Overfull \hbox (118.58624pt too wide) in paragraph at lines 1125--1152
 [][] 
 []


Overfull \hbox (43.97527pt too wide) in paragraph at lines 1181--1192
 [][] 
 []


Underfull \vbox (badness 10000) has occurred while \output is active []

 [14]
Underfull \vbox (badness 4060) has occurred while \output is active []

LaTeX Font Info:    Trying to load font information for LUC+nanumgt on input li
ne 1206.

(C:\Users\мЭімКєнШД\AppData\Local\Programs\MiKTeX\tex/latex/nanumtype1\lucnanum
gt.fd
File: lucnanumgt.fd 2013/02/12 v0.1 Nanum Gothic font definitions
)
<../results/figures/irf_sneakers_ch3.png, id=611, 505.89pt x 289.08pt>
File: ../results/figures/irf_sneakers_ch3.png Graphic file (type png)
<use ../results/figures/irf_sneakers_ch3.png>
Package pdftex.def Info: ../results/figures/irf_sneakers_ch3.png  used on input
 line 1216.
(pdftex.def)             Requested size: 218.51521pt x 124.86658pt.
<../results/figures/irf_cards_ch1.png, id=613, 505.89pt x 289.08pt>
File: ../results/figures/irf_cards_ch1.png Graphic file (type png)
<use ../results/figures/irf_cards_ch1.png>
Package pdftex.def Info: ../results/figures/irf_cards_ch1.png  used on input li
ne 1217.
(pdftex.def)             Requested size: 218.51521pt x 124.86658pt.

Underfull \hbox (badness 4341) in paragraph at lines 1233--1238
[]\OT1/cmr/m/it/10.95 cards--CH1. \OT1/cmr/m/n/10.95 Google Trends 1 SD \LUC/na
nummj/m/n/10.95/c0 Ѕ\LUC/nanummj/m/n/10.95/c2 є
 []


Underfull \hbox (badness 8056) in paragraph at lines 1233--1238
\LUC/nanummj/m/n/10.95/c2 № \OT1/cmr/m/n/10.95 1\LUC/nanummj/m/n/10.95/ac ^^\\L
UC/nanummj/m/n/10.95/c6 ‘ \LUC/nanummj/m/n/10.95/d6 ƒ \LUC/nanummj/m/n/10.95/ac
 ^^@© \LUC/nanummj/m/n/10.95/cc (\LUC/nanummj/m/n/10.95/bd Д\LUC/nanummj/m/n/10
.95/c7 t $\OT1/cmr/m/n/10.95 +10\OML/cmm/m/it/10.95 :\OT1/cmr/m/n/10.95 80$ \LU
C/nanummj/m/n/10.95/b2 м\LUC/nanummj/m/n/10.95/b7 м
 []


Underfull \hbox (badness 1242) in paragraph at lines 1233--1238
\OT1/cmr/m/n/10.95 (CI $[+3\OML/cmm/m/it/10.95 :\OT1/cmr/m/n/10.95 59\OML/cmm/m
/it/10.95 ;  \OT1/cmr/m/n/10.95 +17\OML/cmm/m/it/10.95 :\OT1/cmr/m/n/10.95 55]$
), 2\LUC/nanummj/m/n/10.95/ac ^^\\LUC/nanummj/m/n/10.95/c6 ‘ \LUC/nanummj/m/n/1
0.95/d6 ƒ $\OT1/cmr/m/n/10.95 +6\OML/cmm/m/it/10.95 :\OT1/cmr/m/n/10.95 03$ (CI

 []

[15]
Underfull \vbox (badness 4001) has occurred while \output is active []

 [16 <../results/figures/irf_sneakers_ch3.png> <../results/figures/irf_cards_ch
1.png>]
Underfull \hbox (badness 4505) in paragraph at lines 1304--1304
[]\OT1/cmr/bx/n/12 RQ3: XG-Boost \LUC/nanummj/bx/n/12/c6 ^^H\LUC/nanummj/bx/n/1
2/ce ! \LUC/nanummj/bx/n/12/ac А\LUC/nanummj/bx/n/12/c9 Э \LUC/nanummj/bx/n/12/
bc ^^O
 []


Underfull \hbox (badness 5985) in paragraph at lines 1307--1313
\OT1/cmr/m/n/10.95 Model A(\LUC/nanummj/m/n/10.95/c8 ^^D\LUC/nanummj/m/n/10.95/
cc D\LUC/nanummj/m/n/10.95/b1 ^^P\OT1/cmr/m/n/10.95 )\LUC/nanummj/m/n/10.95/c6 
@ \OT1/cmr/m/n/10.95 Model B(Granger \LUC/nanummj/m/n/10.95/c1  
 []


Underfull \hbox (badness 1297) in paragraph at lines 1307--1313
\LUC/nanummj/m/n/10.95/bc ƒ \LUC/nanummj/m/n/10.95/cc D\LUC/nanummj/m/n/10.95/b
1 ^^P\OT1/cmr/m/n/10.95 )\LUC/nanummj/m/n/10.95/b9 | \OT1/cmtt/m/n/10.95 TimeSe
riesSplit \OT1/cmr/m/n/10.95 ($\OML/cmm/m/it/10.95 n[] \OT1/cmr/m/n/10.95 = 4$,

 []

LaTeX Font Info:    Trying to load font information for LUC+uhcmj on input line
 1331.

(C:\Users\мЭімКєнШД\AppData\Local\Programs\MiKTeX\tex/latex/kotex-utf\lucuhcmj.
fd
File: lucuhcmj.fd 2013/09/26 UHC Myeongjo font definitions
)
Underfull \hbox (badness 1043) in paragraph at lines 1363--1369
\OT1/cmr/m/n/10.95 0\OML/cmm/m/it/10.95 :\OT1/cmr/m/n/10.95 032$)\LUC/nanummj/m
/n/10.95/c5 –\LUC/nanummj/m/n/10.95/c1 ^^\\LUC/nanummj/m/n/10.95/b2 Ф \OT1/cmr/
m/n/10.95 Model A\LUC/nanummj/m/n/10.95/ac ^^@ \LUC/nanummj/m/n/10.95/c7  X\LUC
/nanummj/m/n/10.95/d5 X\LUC/nanummj/m/n/10.95/ac М \LUC/nanummj/m/n/10.95/c6 ∞\
LUC/nanummj/m/n/10.95/c2 ^^X\LUC/nanummj/m/n/10.95/d5 X\LUC/nanummj/m/n/10.95/c
6 ^^@
 []


Underfull \hbox (badness 2961) in paragraph at lines 1363--1369
\LUC/nanummj/m/n/10.95/c7 <\LUC/nanummj/m/n/10.95/ba p\OT1/cmr/m/n/10.95 , \OT1
/cmss/m/n/10.95 lego[]porsche\OT1/cmr/m/n/10.95 ($\OML/cmm/m/it/10.95 p \OT1/cm
r/m/n/10.95 = 0\OML/cmm/m/it/10.95 :\OT1/cmr/m/n/10.95 094$)\LUC/nanummj/m/n/10
.95/b2 Ф \LUC/nanummj/m/n/10.95/ac љƒ \LUC/nanummj/m/n/10.95/c2 ^^X
 []


Underfull \hbox (badness 1342) in paragraph at lines 1363--1369
\LUC/nanummj/m/n/10.95/c9 ^^@\LUC/nanummj/m/n/10.95/c5 –\LUC/nanummj/m/n/10.95/
c1 ^^\ \OT1/cmr/m/n/10.95 Model A\LUC/nanummj/m/n/10.95/ac ^^@ \LUC/nanummj/m/n
/10.95/c6 ∞\LUC/nanummj/m/n/10.95/c1 8\LUC/nanummj/m/n/10.95/d5 X\LUC/nanummj/m
/n/10.95/c6 ^^@\LUC/nanummj/m/n/10.95/b2 д\OT1/cmr/m/n/10.95 . \LUC/nanummj/m/n
/10.95/bc ^^X\LUC/nanummj/m/n/10.95/ba t \OT1/cmss/m/n/10.95 sneak-
 []

<../results/figures/reg_rmse_bar_00.png, id=642, 714.7503pt x 426.393pt>
File: ../results/figures/reg_rmse_bar_00.png Graphic file (type png)
<use ../results/figures/reg_rmse_bar_00.png>
Package pdftex.def Info: ../results/figures/reg_rmse_bar_00.png  used on input 
line 1372.
(pdftex.def)             Requested size: 327.7763pt x 195.54459pt.

Underfull \hbox (badness 1694) in paragraph at lines 1394--1403
\OT1/cmr/m/n/10.95 A($452$) vs. Model B($569$), lego\LUC/nanummj/m/n/10.95/c5 –
\LUC/nanummj/m/n/10.95/c1 ^^\ \OT1/cmr/m/n/10.95 Model
 []


Underfull \hbox (badness 1052) in paragraph at lines 1430--1430
\OT1/cmtt/m/n/9 colsample[]bytree $\OMS/cmsy/m/n/9 2 \OT1/cmr/m/n/9 [0\OML/cmm/
m/it/9 :\OT1/cmr/m/n/9 6\OML/cmm/m/it/9 ; \OT1/cmr/m/n/9 1\OML/cmm/m/it/9 :\OT1
/cmr/m/n/9 0]$, \OT1/cmtt/m/n/9 min[]child[]weight $\OMS/cmsy/m/n/9 2
 []


Underfull \hbox (badness 6001) in paragraph at lines 1430--1430
\OT1/cmr/m/n/9 [1\OML/cmm/m/it/9 ; \OT1/cmr/m/n/9 5]$, \OT1/cmtt/m/n/9 reg[]lam
bda $\OMS/cmsy/m/n/9 2 \OT1/cmr/m/n/9 [0\OML/cmm/m/it/9 ; \OT1/cmr/m/n/9 5]$, \
OT1/cmtt/m/n/9 reg[]alpha $\OMS/cmsy/m/n/9 2 \OT1/cmr/m/n/9 [0\OML/cmm/m/it/9 ;
 \OT1/cmr/m/n/9 1]$.
 []


Underfull \hbox (badness 10000) in paragraph at lines 1416--1432
\LUC/nanummj/m/n/10.95/bc ш \LUC/nanummj/m/n/10.95/c8 ^^H\LUC/nanummj/m/n/10.95
/c7 X \LUC/nanummj/m/n/10.95/c8 ь \LUC/nanummj/m/n/10.95/bd Д\LUC/nanummj/m/n/1
0.95/c1 ^^]\LUC/nanummj/m/n/10.95/c7 @ \LUC/nanummj/m/n/10.95/ac а\LUC/nanummj/
m/n/10.95/c8 ^^U \LUC/nanummj/m/n/10.95/d5 X\LUC/nanummj/m/n/10.95/c7 t\LUC/nan
ummj/m/n/10.95/d3 |^^L\LUC/nanummj/m/n/10.95/b7 |\LUC/nanummj/m/n/10.95/bb ш
 []


Underfull \hbox (badness 10000) in paragraph at lines 1416--1432
\LUC/nanummj/m/n/10.95/d1 0\OT1/cmr/m/n/10.95 (\OT1/cmtt/m/n/10.95 n[]estimator
s\OT1/cmr/m/n/10.95 =100, \OT1/cmtt/m/n/10.95 max[]depth\OT1/cmr/m/n/10.95 =3,
 []


Underfull \hbox (badness 4886) in paragraph at lines 1416--1432
\OT1/cmtt/m/n/10.95 learning[]rate\OT1/cmr/m/n/10.95 =0.05)\LUC/nanummj/m/n/10.
95/b9 | \LUC/nanummj/m/n/10.95/c0 ђ\LUC/nanummj/m/n/10.95/c6 ©\LUC/nanummj/m/n/
10.95/d5 \\LUC/nanummj/m/n/10.95/b2 д\OT1/cmr/m/n/10.95 . \LUC/nanummj/m/n/10.9
5/b4 P \LUC/nanummj/m/n/10.95/ba ®\LUC/nanummj/m/n/10.95/d6 ^^U
 []


Underfull \hbox (badness 2735) in paragraph at lines 1416--1432
\LUC/nanummj/m/n/10.95/ba ®\LUC/nanummj/m/n/10.95/b4 P \LUC/nanummj/m/n/10.95/b
3 ў\LUC/nanummj/m/n/10.95/c7 | \LUC/nanummj/m/n/10.95/c1 $\LUC/nanummj/m/n/10.9
5/c8 ^^U\LUC/nanummj/m/n/10.95/c7 D \LUC/nanummj/m/n/10.95/c8 ^^A\LUC/nanummj/m
/n/10.95/c6 ©\LUC/nanummj/m/n/10.95/d5 X\LUC/nanummj/m/n/10.95/c5 м \LUC/nanumm
j/m/n/10.95/be D\LUC/nanummj/m/n/10.95/ad P \LUC/nanummj/m/n/10.95/ac х\LUC/nan
ummj/m/n/10.95/c8 ^^U\LUC/nanummj/m/n/10.95/c1 1\LUC/nanummj/m/n/10.95/c7 D
 []


Overfull \hbox (26.60052pt too wide) in paragraph at lines 1444--1461
 [][] 
 []

[17] [18]
Underfull \hbox (badness 1062) in paragraph at lines 1474--1483
[]\OT1/cmr/m/it/10.95 B-DH \LUC/nanummj/m/sl/10.95 ®\LUC/nanummj/m/sl/10.95 ^^U
\LUC/nanummj/m/n/10.95/c7 @ Р\LUC/nanummj/m/n/10.95/c0 ∞\LUC/nanummj/m/n/10.95/
bc ƒ \LUC/nanummj/m/n/10.95/d3 …\LUC/nanummj/m/n/10.95/ad а \OT1/cmr/m/n/10.95 
RMSE\LUC/nanummj/m/n/10.95/c5 –\LUC/nanummj/m/n/10.95/c1 ^^\ \OT1/cmr/m/n/10.95
 B-
 []


Underfull \hbox (badness 1142) in paragraph at lines 1474--1483
\LUC/nanummj/m/n/10.95/d5 \ \LUC/nanummj/m/n/10.95/bc И \LUC/nanummj/m/n/10.95/
c2 №\LUC/nanummj/m/n/10.95/c0 ђ\LUC/nanummj/m/n/10.95/d5 \\LUC/nanummj/m/n/10.9
5/b2 д\OT1/cmr/m/n/10.95 (\TS1/cmr/m/n/10.95 І[]\OT1/cmr/m/n/10.95 5.2[] \LUC/n
anummj/m/n/10.95/cc 8\LUC/nanummj/m/n/10.95/c8 p\OT1/cmr/m/n/10.95 ). \LUC/nanu
mmj/m/n/10.95/bc ш \LUC/nanummj/m/n/10.95/ac ђа\LUC/nanummj/m/n/10.95/c1 1 \LUC
/nanummj/m/n/10.95/ac А\LUC/nanummj/m/n/10.95/d1 †
 []


Underfull \hbox (badness 10000) in paragraph at lines 1474--1483
\LUC/nanummj/m/n/10.95/c2 §\LUC/nanummj/m/n/10.95/d0 l\LUC/nanummj/m/n/10.95/b9
 љ\LUC/nanummj/m/n/10.95/d2 Є\LUC/nanummj/m/n/10.95/b2 Ф \OT1/cmtt/m/n/10.95 sc
ripts/tune[]xgboost.py\LUC/nanummj/m/n/10.95/c5 –\OT1/cmr/m/n/10.95 ,
 []


Underfull \hbox (badness 2735) in paragraph at lines 1474--1483
\LUC/nanummj/m/n/10.95/ac ∞ь\LUC/nanummj/m/n/10.95/b2 Ф \OT1/cmtt/m/n/10.95 res
ults/xgboost[]tuned[]params.csv\OT1/cmr/m/n/10.95 ,
 []


Underfull \hbox (badness 10000) in paragraph at lines 1474--1483
\OT1/cmtt/m/n/10.95 results/xgboost[]tuned[]rmse.csv\OT1/cmr/m/n/10.95 ,
 []


Underfull \vbox (badness 6510) has occurred while \output is active []

 [19 <../results/figures/reg_rmse_bar_00.png>]
Underfull \hbox (badness 10000) in paragraph at lines 1505--1505
[]\OT1/cmr/bx/n/12 Granger \LUC/nanummj/bx/n/12/c1  \LUC/nanummj/bx/n/12/d5 Й\L
UC/nanummj/bx/n/12/c1 1\LUC/nanummj/bx/n/12/ac ь \OT1/cmr/bx/n/12 XG-Boost
 []

<../results/figures/clf_shap_asset_00.png, id=691, 586.8324pt x 360.6273pt>
File: ../results/figures/clf_shap_asset_00.png Graphic file (type png)
<use ../results/figures/clf_shap_asset_00.png>
Package pdftex.def Info: ../results/figures/clf_shap_asset_00.png  used on inpu
t line 1560.
(pdftex.def)             Requested size: 308.77216pt x 189.75037pt.
<../results/figures/clf_shap_asset_02.png, id=692, 575.2692pt x 360.6273pt>
File: ../results/figures/clf_shap_asset_02.png Graphic file (type png)
<use ../results/figures/clf_shap_asset_02.png>
Package pdftex.def Info: ../results/figures/clf_shap_asset_02.png  used on inpu
t line 1562.
(pdftex.def)             Requested size: 302.68797pt x 189.75037pt.
<../results/figures/clf_shap_asset_04.png, id=693, 571.6557pt x 360.6273pt>
File: ../results/figures/clf_shap_asset_04.png Graphic file (type png)
<use ../results/figures/clf_shap_asset_04.png>
Package pdftex.def Info: ../results/figures/clf_shap_asset_04.png  used on inpu
t line 1564.
(pdftex.def)             Requested size: 300.78667pt x 189.75037pt.

LaTeX Warning: Float too large for page by 30.46802pt on input line 1586.

[20] [21 <../results/figures/clf_shap_asset_00.png> <../results/figures/clf_sha
p_asset_02.png> <../results/figures/clf_shap_asset_04.png>]
Underfull \vbox (badness 10000) has occurred while \output is active []

 [22]
Underfull \hbox (badness 1112) in paragraph at lines 1657--1661
[]\OT1/cmr/bx/n/10.95 CH3 \LUC/nanummj/bx/n/10.95/b3 ^^@\LUC/nanummj/bx/n/10.95
/b9 ђ\LUC/nanummj/bx/n/10.95/bc ј\LUC/nanummj/bx/n/10.95/c2 ^^X\OT1/cmr/bx/n/10
.95 . \LUC/nanummj/m/n/10.95/b2 t\LUC/nanummj/m/n/10.95/c2 § \LUC/nanummj/m/n/1
0.95/ac ^^P\LUC/nanummj/m/n/10.95/c1 1\OT1/cmr/m/n/10.95 (CH3)\LUC/nanummj/m/n/
10.95/c7 @ \OT1/cmr/m/n/10.95 News-
 []


Underfull \hbox (badness 4805) in paragraph at lines 1657--1661
\OT1/cmr/m/n/10.95 API+FinBERT\LUC/nanummj/m/n/10.95/b9 | \LUC/nanummj/m/n/10.9
5/c6 –\LUC/nanummj/m/n/10.95/c1 $\LUC/nanummj/m/n/10.95/ac ƒ\LUC/nanummj/m/n/10
.95/b8 \ \LUC/nanummj/m/n/10.95/d5 X\LUC/nanummj/m/n/10.95/c6 ^^@\LUC/nanummj/m
/n/10.95/c7 <\LUC/nanummj/m/n/10.95/b0 Ш\OT1/cmr/m/n/10.95 , \LUC/nanummj/m/n/1
0.95/bb 4\LUC/nanummj/m/n/10.95/b8 ћ
 []


Underfull \hbox (badness 3803) in paragraph at lines 1657--1661
\LUC/nanummj/m/n/10.95/d5 ^^L\LUC/nanummj/m/n/10.95/b7 Ь\LUC/nanummj/m/n/10.95/
c7 X \LUC/nanummj/m/n/10.95/c5 н\LUC/nanummj/m/n/10.95/c0 ђ \LUC/nanummj/m/n/10
.95/c7 Р\LUC/nanummj/m/n/10.95/b8 ћ \OT1/cmr/m/n/10.95 30\LUC/nanummj/m/n/10.95
/c7 | \LUC/nanummj/m/n/10.95/c8 ^^\\LUC/nanummj/m/n/10.95/d5 \\LUC/nanummj/m/n/
10.95/c7 <\LUC/nanummj/m/n/10.95/b8 \ \OT1/cmr/m/n/10.95 GDELT
 []


Underfull \hbox (badness 10000) in paragraph at lines 1684--1695
\LUC/nanummj/m/n/10.95/c5 –\LUC/nanummj/m/n/10.95/c1 ^^\ \LUC/nanummj/m/n/10.95
/bc ф\LUC/nanummj/m/n/10.95/ac а\LUC/nanummj/m/n/10.95/d5 X\LUC/nanummj/m/n/10.
95/c6 ^^@\LUC/nanummj/m/n/10.95/b4 п\OT1/cmr/m/n/10.95 , \LUC/nanummj/m/n/10.95
/c7 Р\LUC/nanummj/m/n/10.95/c0 ∞\LUC/nanummj/m/n/10.95/bc ƒ \LUC/nanummj/m/n/10
.95/d3 …\LUC/nanummj/m/n/10.95/ad а \OT1/cmr/m/n/10.95 RMSE\LUC/nanummj/m/n/10.
95/b2 Ф
 []


Underfull \hbox (badness 2229) in paragraph at lines 1684--1695
\OT1/cmr/m/n/10.95 sneakers[]lego\LUC/nanummj/m/n/10.95/c5 –\LUC/nanummj/m/n/10
.95/c1 ^^\ \OT1/cmr/m/n/10.95 Model A\LUC/nanummj/m/n/10.95/ac ^^@ \LUC/nanummj
/m/n/10.95/c7 |\LUC/nanummj/m/n/10.95/ad ^^@\LUC/nanummj/m/n/10.95/b4 ^^X\LUC/n
anummj/m/n/10.95/ac М \LUC/nanummj/m/n/10.95/b0 Ѓ
 []


Underfull \hbox (badness 1152) in paragraph at lines 1684--1695
[]\OT1/cmr/m/n/10.95 Hansen[], []2005[]) \LUC/nanummj/m/n/10.95/b6 ^^P\LUC/nanu
mmj/m/n/10.95/b2 Ф \OT1/cmr/m/n/10.95 MCS(model con-fi-dence
 []


Underfull \vbox (badness 1694) has occurred while \output is active []



LaTeX Font Warning: Font shape `LUC/uhcmj/bx/n' undefined
(Font)              using `LUC/uhcmj/m/n' instead on input line 1714.


Underfull \hbox (badness 6141) in paragraph at lines 1714--1731
[]\LUC/nanummj/bx/n/10.95/ce !\LUC/nanummj/bx/n/10.95/c8 ^^U \LUC/nanummj/bx/n/
10.95/bc Ф\LUC/nanummj/bx/n/10.95/c7 ^^DX \LUC/nanummj/bx/n/10.95/d5 \\LUC/nanu
mmj/bx/n/10.95/ac ƒ \LUC/uhcmj/m/n/10.95/25 ^^@ \LUC/nanummj/bx/n/10.95/d3 –\LU
C/nanummj/bx/n/10.95/c1 ƒ\LUC/nanummj/bx/n/10.95/d6 ^^U \OT1/cmr/bx/n/10.95 SNS
\LUC/nanummj/bx/n/10.95/c7 X
 []


Underfull \hbox (badness 5403) in paragraph at lines 1714--1731
\LUC/nanummj/bx/n/10.95/bd А\LUC/nanummj/bx/n/10.95/c7 ђ\OT1/cmr/bx/n/10.95 . \
LUC/nanummj/m/n/10.95/bc ш \LUC/nanummj/m/n/10.95/c5 р\LUC/nanummj/m/n/10.95/ad
 l\LUC/nanummj/m/n/10.95/c7 X \LUC/nanummj/m/n/10.95/b2 д\LUC/nanummj/m/n/10.95
/c1 / \LUC/nanummj/m/n/10.95/cc D\LUC/nanummj/m/n/10.95/b1 ^^P\LUC/nanummj/m/n/
10.95/c7 @ \LUC/nanummj/m/sl/10.95 х^^\ \LUC/nanummj/m/sl/10.95 4\LUC/nanummj/m
/sl/10.95 ћ
 []


Underfull \hbox (badness 4001) in paragraph at lines 1714--1731
\OT1/cmr/m/it/10.95 API \LUC/nanummj/m/sl/10.95 ^^P\LUC/nanummj/m/sl/10.95 Ф \L
UC/nanummj/m/sl/10.95 х^^\ \LUC/nanummj/m/sl/10.95 щ \LUC/nanummj/m/sl/10.95 Р\
LUC/nanummj/m/sl/10.95 ћ\LUC/nanummj/m/sl/10.95 | \LUC/nanummj/m/sl/10.95 µ\LUC
/nanummj/m/sl/10.95 t \LUC/nanummj/m/sl/10.95 |\LUC/nanummj/m/sl/10.95 ^^@\LUC/
nanummj/m/sl/10.95 ^^X\LUC/nanummj/m/sl/10.95 М
 []


Underfull \hbox (badness 10000) in paragraph at lines 1714--1731
\LUC/nanummj/m/sl/10.95 ^^X\LUC/nanummj/m/sl/10.95 — \LUC/nanummj/m/sl/10.95 ^^
@\LUC/nanummj/m/sl/10.95 •\LUC/nanummj/m/sl/10.95 \ \LUC/nanummj/m/sl/10.95 D\L
UC/nanummj/m/sl/10.95 ^^P\LUC/nanummj/m/n/10.95/b8 \ \LUC/nanummj/m/n/10.95/d5 
\\LUC/nanummj/m/n/10.95/c8 ^^U\LUC/nanummj/m/n/10.95/b4 ^^X\LUC/nanummj/m/n/10.
95/c5 »\LUC/nanummj/m/n/10.95/b2 д\OT1/cmr/m/n/10.95 . \LUC/nanummj/m/n/10.95/b
5 0\LUC/nanummj/m/n/10.95/b7 |\LUC/nanummj/m/n/10.95/c1 ^^\
 []


Underfull \hbox (badness 10000) in paragraph at lines 1714--1731
\OT1/cmr/m/n/10.95 Instagram[]TikTok[]Discord[]Reddit \LUC/nanummj/m/n/10.95/be
 D\LUC/nanummj/m/n/10.95/ac х^^\
 []


Underfull \hbox (badness 2134) in paragraph at lines 1714--1731
\LUC/nanummj/m/n/10.95/ae 0\LUC/nanummj/m/n/10.95/bc ^^X\LUC/nanummj/m/n/10.95/
c7 <\LUC/nanummj/m/n/10.95/b8 \ \LUC/nanummj/m/n/10.95/d5 X\LUC/nanummj/m/n/10.
95/b2 Ф \OT1/cmr/m/n/10.95 SNS\LUC/nanummj/m/n/10.95/b2 Ф \LUC/nanummj/m/n/10.9
5/bd Д\LUC/nanummj/m/n/10.95/c1 ^^]\LUC/nanummj/m/n/10.95/c5 –\LUC/nanummj/m/n/
10.95/c1 ^^\ \LUC/nanummj/m/n/10.95/c8 ^^\\LUC/nanummj/m/n/10.95/c6 x\LUC/nanum
mj/m/n/10.95/b4 ^^X\LUC/nanummj/m/n/10.95/c5 »\LUC/nanummj/m/n/10.95/b2 д\OT1/c
mr/m/n/10.95 .
 []


Underfull \hbox (badness 3049) in paragraph at lines 1714--1731
\LUC/nanummj/m/n/10.95/d6 ƒ\LUC/nanummj/m/n/10.95/c1 Н \LUC/nanummj/m/n/10.95/c
5 р\LUC/nanummj/m/n/10.95/ad l\LUC/nanummj/m/n/10.95/b2 Ф \OT1/cmr/m/n/10.95 (i
) TikTok[]Instagram Graph
 []


Underfull \vbox (badness 10000) has occurred while \output is active []

 [23]
Underfull \vbox (badness 10000) has occurred while \output is active []

 [24]
Overfull \hbox (36.46132pt too wide) in paragraph at lines 1816--1842
 [][] 
 []


Underfull \hbox (badness 1019) in paragraph at lines 1855--1859
\LUC/nanummj/m/n/10.95/bc ш \LUC/nanummj/m/n/10.95/c5 р\LUC/nanummj/m/n/10.95/a
d l\LUC/nanummj/m/n/10.95/b2 Ф \LUC/nanummj/m/n/10.95/c2 §\LUC/nanummj/m/n/10.9
5/b2 »\LUC/nanummj/m/n/10.95/ce д\LUC/nanummj/m/n/10.95/c9 И[]\LUC/nanummj/m/n/
10.95/d2 Є\LUC/nanummj/m/n/10.95/b8 ^^H\LUC/nanummj/m/n/10.95/c7 t\LUC/nanummj/
m/n/10.95/b5 ) \LUC/nanummj/m/n/10.95/ce t\LUC/nanummj/m/n/10.95/b4 №[]\LUC/nan
ummj/m/n/10.95/b8 ^^H\LUC/nanummj/m/n/10.95/ac а \LUC/nanummj/m/n/10.95/b9 ђ
 []


Underfull \vbox (badness 10000) has occurred while \output is active []

 [25]
Underfull \vbox (badness 2393) has occurred while \output is active []

 (draft.bbl
Underfull \hbox (badness 10000) in paragraph at lines 10--15
[]\OT1/cmr/m/n/10.95 Takuya Ak-iba, Shotaro Sano, Toshi-hiko
 []


Underfull \hbox (badness 10000) in paragraph at lines 10--15
\OT1/cmr/m/n/10.95 Yanase, Takeru Ohta, and Masanori
 []


Underfull \hbox (badness 2608) in paragraph at lines 10--15
\OT1/cmr/m/it/10.95 Pro-ceed-ings of the 25th ACM SIGKDD
 []


Underfull \hbox (badness 10000) in paragraph at lines 10--15
\OT1/cmr/m/it/10.95 In-ter-na-tional Con-fer-ence on Knowl-edge
 []


Underfull \hbox (badness 1845) in paragraph at lines 10--15
\OT1/cmr/m/it/10.95 Dis-cov-ery and Data Min-ing (KDD '19)\OT1/cmr/m/n/10.95 ,
 []


Underfull \vbox (badness 8075) has occurred while \output is active []

 [26]
Underfull \hbox (badness 7504) in paragraph at lines 95--99
[]\OT1/cmr/m/n/10.95 Elroy Dim-son, Pe-ter L. Rousseau, and
 []


Underfull \hbox (badness 2726) in paragraph at lines 101--105
[]\OT1/cmr/m/n/10.95 Victoria Do-bryn-skaya and Ju-lia Kishilova.
 []


Underfull \hbox (badness 10000) in paragraph at lines 107--111
[]\OT1/cmr/m/n/10.95 Elena-Ivona Du-mitrescu and Christophe
 []

[27]
Underfull \hbox (badness 1248) in paragraph at lines 154--157
[]\OT1/cmr/m/n/10.95 Douglas Holtz-Eakin, Whit-ney Newey, and
 []


Underfull \hbox (badness 1117) in paragraph at lines 159--164
\OT1/cmr/m/n/10.95 and trad-ing vol-ume us-ing in-vestor sen-ti-
 []


Underfull \hbox (badness 3514) in paragraph at lines 220--223
[]\OT1/cmr/m/n/10.95 Dita Ra-ditya, P. Nicholas Er-lin, S. Fer-
 []


Underfull \hbox (badness 2302) in paragraph at lines 225--228
[]\OT1/cmr/m/n/10.95 Luc Ren-neboog and Christophe Spaen-jers.
 []

[28]
Underfull \hbox (badness 6078) in paragraph at lines 237--241
[]\OT1/cmr/m/n/10.95 Timm O. Sprenger, An-dranik Tu-mas-jan,
 []

)
Underfull \hbox (badness 10000) in paragraph at lines 1941--1941
[]\OT1/cmr/bx/n/14.4 Benjamini--Hochberg \LUC/nanummj/bx/n/14.4/bc ф\LUC/nanumm
j/bx/n/14.4/c8 ^^U
 []


Underfull \hbox (badness 3460) in paragraph at lines 1943--1945
\LUC/nanummj/m/n/10.95/d4 \ []\OT1/cmr/m/n/10.95 16[]\LUC/nanummj/m/n/10.95/b2 
Ф \OT1/cmr/m/n/10.95 15\LUC/nanummj/m/n/10.95/d6 М \OT1/cmr/m/n/10.95 Granger \
LUC/nanummj/m/n/10.95/ac А\LUC/nanummj/m/n/10.95/c8 ^^U \LUC/nanummj/m/n/10.95/
ac ∞ь\LUC/nanummj/m/n/10.95/c5 – \LUC/nanummj/m/n/10.95/b3 ^^@\LUC/nanummj/m/n/
10.95/d5 t
 []


Underfull \hbox (badness 10000) in paragraph at lines 2023--2024
[]\OT1/cmr/m/n/10 GT 0\LUC/nanummj/m/n/10/ac ^^R ь\LUC/nanummj/m/n/10/b2 д\OT1/
cmr/m/n/10 (30/48\LUC/nanummj/m/n/10/ac ^^\\LUC/nanummj/m/n/10/c6 ‘\OT1/cmr/m/n
/10 ),
 []


Underfull \hbox (badness 2443) in paragraph at lines 2023--2024
\OT1/cmr/m/n/10 Porsche\LUC/nanummj/m/n/10/b8 \ \LUC/nanummj/m/n/10/ad P\LUC/na
nummj/m/n/10/cc і \LUC/nanummj/m/n/10/d6 ƒ \LUC/nanummj/m/n/10/c7 Ф\LUC/nanummj
/m/n/10/c5 м \LUC/nanummj/m/n/10/d6 ƒ\LUC/nanummj/m/n/10/bc ф
 []


Overfull \hbox (51.46477pt too wide) in paragraph at lines 2006--2028
 [][] 
 []


Package hyperref Warning: Token not allowed in a PDF string (Unicode):
(hyperref)                removing `\hbox' on input line 2086.


Package hyperref Warning: Token not allowed in a PDF string (Unicode):
(hyperref)                removing `\hss' on input line 2086.


Package hyperref Warning: Token not allowed in a PDF string (Unicode):
(hyperref)                removing `\hss' on input line 2086.


Package hyperref Warning: Token not allowed in a PDF string (Unicode):
(hyperref)                removing `\hbox' on input line 2086.


Package hyperref Warning: Token not allowed in a PDF string (Unicode):
(hyperref)                removing `\hss' on input line 2086.


Package hyperref Warning: Token not allowed in a PDF string (Unicode):
(hyperref)                removing `\hss' on input line 2086.

[29] [30]
Underfull \hbox (badness 10000) in paragraph at lines 2102--2107
[]\OT1/cmtt/m/n/10.95 scripts/ \LUC/uhcmj/bx/n/10.95/25 ^^@ \LUC/nanummj/m/n/10
.95/b3 p\LUC/nanummj/m/n/10.95/c7 t\LUC/nanummj/m/n/10.95/d1 0 \LUC/nanummj/m/n
/10.95/c2 ^^X\LUC/nanummj/m/n/10.95/c9 —
 []


Underfull \hbox (badness 10000) in paragraph at lines 2102--2107
\OT1/cmr/m/n/10.95 (\OT1/cmtt/m/n/10.95 collect[]*.py\OT1/cmr/m/n/10.95 ), \LUC
/nanummj/m/n/10.95/c8 ^^D\LUC/nanummj/m/n/10.95/cc Ш\LUC/nanummj/m/n/10.95/b9 ђ
\OT1/cmr/m/n/10.95 (\OT1/cmtt/m/n/10.95 build[]panel.py\OT1/cmr/m/n/10.95 ,
 []


Underfull \hbox (badness 10000) in paragraph at lines 2102--2107
\OT1/cmtt/m/n/10.95 score[]channels.py\OT1/cmr/m/n/10.95 ), \LUC/nanummj/m/n/10
.95/d1 µ\LUC/nanummj/m/n/10.95/ac ƒ А\LUC/nanummj/m/n/10.95/c8 ^^U
 []


Underfull \hbox (badness 10000) in paragraph at lines 2102--2107
\OT1/cmr/m/n/10.95 (\OT1/cmtt/m/n/10.95 run[]adf.py\OT1/cmr/m/n/10.95 , \OT1/cm
tt/m/n/10.95 run[]granger.py\OT1/cmr/m/n/10.95 ), \LUC/nanummj/m/n/10.95/ba 8\L
UC/nanummj/m/n/10.95/c2 а
 []


Underfull \hbox (badness 10000) in paragraph at lines 2102--2107
\LUC/nanummj/m/n/10.95/b7 м\LUC/nanummj/m/n/10.95/b2 Ё\OT1/cmr/m/n/10.95 (\OT1/
cmtt/m/n/10.95 run[]xgboost.py\OT1/cmr/m/n/10.95 , \OT1/cmtt/m/n/10.95 run[]sha
p.py\OT1/cmr/m/n/10.95 ,
 []


Underfull \hbox (badness 10000) in paragraph at lines 2107--2111
[]\OT1/cmtt/m/n/10.95 data/raw/ \LUC/uhcmj/bx/n/10.95/25 ^^@ \LUC/nanummj/m/n/1
0.95/c7 Р\LUC/nanummj/m/n/10.95/b8 ћ\LUC/nanummj/m/n/10.95/c6 –\LUC/nanummj/m/n
/10.95/bc ƒ \LUC/nanummj/m/n/10.95/c6 –\LUC/nanummj/m/n/10.95/bc ш \LUC/nanummj
/m/n/10.95/c7 Р\LUC/nanummj/m/n/10.95/b8 ћ
 []


Underfull \hbox (badness 10000) in paragraph at lines 2107--2111
\OT1/cmr/m/n/10.95 (StockX \LUC/nanummj/m/n/10.95/ac p\LUC/nanummj/m/n/10.95/b7
 Ш\LUC/nanummj/m/n/10.95/ac ^^@\OT1/cmr/m/n/10.95 , PriceChart-ing PSA
 []


Underfull \hbox (badness 3977) in paragraph at lines 2107--2111
\OT1/cmr/m/n/10.95 10 \LUC/nanummj/m/n/10.95/ac ^^@©\OT1/cmr/m/n/10.95 , Brick-
Ranker \LUC/nanummj/m/n/10.95/c2 а\LUC/nanummj/m/n/10.95/d4 И \LUC/nanummj/m/n/
10.95/bd 	\LUC/nanummj/m/n/10.95/c7 x \LUC/nanummj/m/n/10.95/ac ^^@©\OT1/cmr/m/
n/10.95 ,
 []


Underfull \hbox (badness 10000) in paragraph at lines 2111--2114
[]\OT1/cmtt/m/n/10.95 data/processed/ \LUC/uhcmj/bx/n/10.95/25 ^^@ \LUC/nanummj
/m/n/10.95/bd Д\LUC/nanummj/m/n/10.95/c1 ^^]\LUC/nanummj/m/n/10.95/c5 – \LUC/na
nummj/m/n/10.95/c9 Ѕ\LUC/nanummj/m/n/10.95/c8 ^^Q \LUC/nanummj/m/n/10.95/d2 ,
 []


Underfull \hbox (badness 10000) in paragraph at lines 2111--2114
\LUC/nanummj/m/n/10.95/c7 Е\LUC/nanummj/m/n/10.95/b4 ^^X\LUC/nanummj/m/n/10.95/
b2 Ф \LUC/nanummj/m/n/10.95/d3 (\LUC/nanummj/m/n/10.95/b1 ^^P \OT1/cmr/m/n/10.9
5 (\OT1/cmtt/m/n/10.95 panel[]monthly.csv\OT1/cmr/m/n/10.95 ,
 []


Underfull \hbox (badness 10000) in paragraph at lines 2111--2114
\OT1/cmtt/m/n/10.95 panel[]monthly[]scaled.csv\OT1/cmr/m/n/10.95 ,
 []


Underfull \hbox (badness 10000) in paragraph at lines 2114--2118
\LUC/nanummj/m/n/10.95/c0 ђ\LUC/nanummj/m/n/10.95/c6 ©\LUC/nanummj/m/n/10.95/b4
 ^^\ \LUC/nanummj/m/n/10.95/ac ∞ь \LUC/nanummj/m/n/10.95/d3 ^^L\LUC/nanummj/m/n
/10.95/c7 |\OT1/cmr/m/n/10.95 (\OT1/cmtt/m/n/10.95 stationarity.csv\OT1/cmr/m/n
/10.95 ,
 []


Underfull \hbox (badness 10000) in paragraph at lines 2114--2118
\OT1/cmtt/m/n/10.95 granger[]results.csv\OT1/cmr/m/n/10.95 ,
 []


Underfull \hbox (badness 10000) in paragraph at lines 2114--2118
\OT1/cmtt/m/n/10.95 channel[]importance.csv\OT1/cmr/m/n/10.95 ,
 []


Underfull \hbox (badness 10000) in paragraph at lines 2118--2119
[]\OT1/cmtt/m/n/10.95 paper/ \LUC/uhcmj/bx/n/10.95/25 ^^@ \LUC/nanummj/m/n/10.9
5/bc ш \OT1/cmr/m/n/10.95 L[]T[]X \LUC/nanummj/m/n/10.95/c6 –\LUC/nanummj/m/n/1
0.95/ac а\LUC/nanummj/m/n/10.95/c6 @
 []


Underfull \hbox (badness 10000) in paragraph at lines 2121--2127
[]\LUC/nanummj/bx/n/10.95/d6 X\LUC/nanummj/bx/n/10.95/ac љ \LUC/nanummj/bx/n/10
.95/bc ^^O \LUC/nanummj/bx/n/10.95/c7 X\LUC/nanummj/bx/n/10.95/c8 t\LUC/nanummj
/bx/n/10.95/c1 1\OT1/cmr/bx/n/10.95 . \OT1/cmr/m/n/10.95 Python 3.11
 []


Underfull \hbox (badness 10000) in paragraph at lines 2121--2127
\LUC/nanummj/m/n/10.95/ae 0\LUC/nanummj/m/n/10.95/bc ^^X\LUC/nanummj/m/n/10.95/
c7 t\LUC/nanummj/m/n/10.95/ba p\OT1/cmr/m/n/10.95 , \LUC/nanummj/m/n/10.95/d5 u
\LUC/nanummj/m/n/10.95/c2 м \LUC/nanummj/m/n/10.95/c7 X\LUC/nanummj/m/n/10.95/c
8 t\LUC/nanummj/m/n/10.95/c1 1\LUC/nanummj/m/n/10.95/c7 @ \OT1/cmtt/m/n/10.95 p
andas\OT1/cmr/m/n/10.95 ,
 []


Underfull \hbox (badness 3354) in paragraph at lines 2121--2127
\OT1/cmtt/m/n/10.95 statsmodels\OT1/cmr/m/n/10.95 (ADF[]Granger[]DM), \OT1/cmtt
/m/n/10.95 xgboost\OT1/cmr/m/n/10.95 ,
 []


Underfull \hbox (badness 6078) in paragraph at lines 2121--2127
\OT1/cmtt/m/n/10.95 shap\OT1/cmr/m/n/10.95 , \OT1/cmtt/m/n/10.95 scikit-learn\O
T1/cmr/m/n/10.95 (TimeSeriesSplit, Stan-
 []


Underfull \hbox (badness 10000) in paragraph at lines 2121--2127
\OT1/cmr/m/n/10.95 dard-Scaler), \OT1/cmtt/m/n/10.95 transformers\OT1/cmr/m/n/1
0.95 (FinBERT),
 []


Underfull \hbox (badness 10000) in paragraph at lines 2121--2127
\OT1/cmtt/m/n/10.95 pytrends\OT1/cmr/m/n/10.95 , \OT1/cmtt/m/n/10.95 playwright
\OT1/cmr/m/n/10.95 (StockX \LUC/nanummj/m/n/10.95/c6 ∞\LUC/nanummj/m/n/10.95/d6
 М\OT1/cmr/m/n/10.95 ),
 []


Underfull \hbox (badness 10000) in paragraph at lines 2121--2127
\OT1/cmtt/m/n/10.95 undetected-chromedriver\LUC/nanummj/m/n/10.95/c7 t\LUC/nanu
mmj/m/n/10.95/b2 д\OT1/cmr/m/n/10.95 . \LUC/nanummj/m/n/10.95/c6 D\LUC/nanummj/
m/n/10.95/c8 ^^D\LUC/nanummj/m/n/10.95/d5 \
 []


Underfull \hbox (badness 10000) in paragraph at lines 2121--2127
\LUC/nanummj/m/n/10.95/bc Д\LUC/nanummj/m/n/10.95/c8 ^^D \LUC/nanummj/m/n/10.95
/ba Е\LUC/nanummj/m/n/10.95/c1 8\LUC/nanummj/m/n/10.95/c6 @ \OT1/cmtt/m/n/10.95
 requirements.txt\LUC/nanummj/m/n/10.95/b2 Ф \LUC/nanummj/m/n/10.95/c8 ^^@\LUC/
nanummj/m/n/10.95/c7 •\LUC/nanummj/m/n/10.95/c1 М
 []


Underfull \hbox (badness 10000) in paragraph at lines 2128--2135
\LUC/nanummj/m/n/10.95/cd Х \OT1/cmr/m/n/10.95 ($[]$),
 []


Underfull \hbox (badness 10000) in paragraph at lines 2128--2135
\OT1/cmr/m/n/10.95 (ii) \LUC/nanummj/m/n/10.95/b3 p\LUC/nanummj/m/n/10.95/c7 t\
LUC/nanummj/m/n/10.95/d1 0 \LUC/nanummj/m/n/10.95/c7 ђ\LUC/nanummj/m/n/10.95/c2
 ^^X\LUC/nanummj/m/n/10.95/c9 —\OT1/cmr/m/n/10.95 (API \LUC/nanummj/m/n/10.95/d
0 § \LUC/nanummj/m/n/10.95/c1 $\LUC/nanummj/m/n/10.95/c8 ^^U \LUC/nanummj/m/n/1
0.95/d6 ƒ
 []


Underfull \hbox (badness 5817) in paragraph at lines 2128--2135
\OT1/cmtt/m/n/10.95 scripts/collect[]*.py \LUC/nanummj/m/n/10.95/c2 д\LUC/nanum
mj/m/n/10.95/d5 Й\OT1/cmr/m/n/10.95 ) \LUC/nanummj/m/n/10.95/b6 ^^P\LUC/nanummj
/m/n/10.95/b2 Ф \LUC/nanummj/m/sl/10.95 ^^\\LUC/nanummj/m/sl/10.95 х\LUC/nanumm
j/m/sl/10.95 ^^\
 []


Underfull \hbox (badness 6268) in paragraph at lines 2128--2135
\OT1/cmtt/m/n/10.95 scripts/run[]all.py\OT1/cmr/m/n/10.95 )\LUC/nanummj/m/n/10.
95/c7 <\LUC/nanummj/m/n/10.95/b8 \ \LUC/nanummj/m/n/10.95/c5 } \OT1/cmr/m/n/10.
95 30\LUC/nanummj/m/n/10.95/bd Д \LUC/nanummj/m/n/10.95/c7 t\LUC/nanummj/m/n/10
.95/b0 і\LUC/nanummj/m/n/10.95/c5 –
 []

[31]
LaTeX Font Info:    Trying to load font information for OMS+cmtt on input line 
2139.
LaTeX Font Info:    No file OMScmtt.fd. on input line 2139.


LaTeX Font Warning: Font shape `OMS/cmtt/m/n' undefined
(Font)              using `OMS/cmsy/m/n' instead
(Font)              for symbol `textbraceleft' on input line 2139.

[32

] (draft.aux)
 ***********
LaTeX2e <2025-11-01>
L3 programming layer <2025-12-24>
 ***********


LaTeX Font Warning: Some font shapes were not available, defaults substituted.

Package rerunfilecheck Info: File `draft.out' has not changed.
(rerunfilecheck)             Checksum: D95D6EE8D12B456BDE2B49A0F3B1D086;6281.
 ) 
Here is how much of TeX's memory you used:
 16516 strings out of 467871
 276284 string characters out of 5416440
 737813 words of memory out of 5000000
 44778 multiletter control sequences out of 15000+600000
 801063 words of font info for 578 fonts, out of 8000000 for 9000
 1141 hyphenation exceptions out of 8191
 75i,14n,79p,1004b,662s stack positions out of 10000i,1000n,20000p,200000b,200000s
 <C:\Users\мЭімКєнШД\AppData\Local\MiKTeX\fonts/pk/ljfour/jknappen/ec/dpi600\
tcbx1000.pk> <C:\Users\мЭімКєнШД\AppData\Local\MiKTeX\fonts/pk/ljfour/jknappen/
ec/dpi600\tcbx1440.pk> <C:\Users\мЭімКєнШД\AppData\Local\MiKTeX\fonts/pk/ljfour
/jknappen/ec/dpi600\tcrm0700.pk> <C:\Users\мЭімКєнШД\AppData\Local\MiKTeX\fonts
/pk/ljfour/jknappen/ec/dpi600\tcbx1095.pk> <C:\Users\мЭімКєнШД\AppData\Local\Mi
KTeX\fonts/pk/ljfour/jknappen/ec/dpi600\tcrm1000.pk> <C:\Users\мЭімКєнШД\AppDat
a\Local\MiKTeX\fonts/pk/ljfour/jknappen/ec/dpi600\tcbx1200.pk> <C:\Users\мЭімКє
нШД\AppData\Local\MiKTeX\fonts/pk/ljfour/jknappen/ec/dpi600\tcti1095.pk> <C:\Us
ers\мЭімКєнШД\AppData\Local\MiKTeX\fonts/pk/ljfour/jknappen/ec/dpi600\tcrm0900.
pk> <C:\Users\мЭімКєнШД\AppData\Local\MiKTeX\fonts/pk/ljfour/jknappen/ec/dpi600
\tcrm0600.pk> <C:\Users\мЭімКєнШД\AppData\Local\MiKTeX\fonts/pk/ljfour/jknappen
/ec/dpi600\tcrm1095.pk> <C:\Users\мЭімКєнШД\AppData\Local\MiKTeX\fonts/pk/ljfou
r/jknappen/ec/dpi600\tcrm0800.pk><C:/Users/мЭімКєнШД/AppData/Local/Programs/MiK
TeX/fonts/type1/public/amsfonts/cm/cmbx10.pfb><C:/Users/мЭімКєнШД/AppData/Local
/Programs/MiKTeX/fonts/type1/public/amsfonts/cm/cmbx12.pfb><C:/Users/мЭімКєнШД/
AppData/Local/Programs/MiKTeX/fonts/type1/public/amsfonts/cm/cmex10.pfb><C:/Use
rs/мЭімКєнШД/AppData/Local/Programs/MiKTeX/fonts/type1/public/amsfonts/cm/cmmi1
0.pfb><C:/Users/мЭімКєнШД/AppData/Local/Programs/MiKTeX/fonts/type1/public/amsf
onts/cm/cmmi7.pfb><C:/Users/мЭімКєнШД/AppData/Local/Programs/MiKTeX/fonts/type1
/public/amsfonts/cm/cmmi8.pfb><C:/Users/мЭімКєнШД/AppData/Local/Programs/MiKTeX
/fonts/type1/public/amsfonts/cm/cmmi9.pfb><C:/Users/мЭімКєнШД/AppData/Local/Pro
grams/MiKTeX/fonts/type1/public/amsfonts/cm/cmr10.pfb><C:/Users/мЭімКєнШД/AppDa
ta/Local/Programs/MiKTeX/fonts/type1/public/amsfonts/cm/cmr12.pfb><C:/Users/мЭі
мКєнШД/AppData/Local/Programs/MiKTeX/fonts/type1/public/amsfonts/cm/cmr17.pfb><
C:/Users/мЭімКєнШД/AppData/Local/Programs/MiKTeX/fonts/type1/public/amsfonts/cm
/cmr6.pfb><C:/Users/мЭімКєнШД/AppData/Local/Programs/MiKTeX/fonts/type1/public/
amsfonts/cm/cmr7.pfb><C:/Users/мЭімКєнШД/AppData/Local/Programs/MiKTeX/fonts/ty
pe1/public/amsfonts/cm/cmr8.pfb><C:/Users/мЭімКєнШД/AppData/Local/Programs/MiKT
eX/fonts/type1/public/amsfonts/cm/cmr9.pfb><C:/Users/мЭімКєнШД/AppData/Local/Pr
ograms/MiKTeX/fonts/type1/public/amsfonts/cm/cmss10.pfb><C:/Users/мЭімКєнШД/App
Data/Local/Programs/MiKTeX/fonts/type1/public/amsfonts/cm/cmss9.pfb><C:/Users/м
ЭімКєнШД/AppData/Local/Programs/MiKTeX/fonts/type1/public/amsfonts/cm/cmsy10.pf
b><C:/Users/мЭімКєнШД/AppData/Local/Programs/MiKTeX/fonts/type1/public/amsfonts
/cm/cmsy7.pfb><C:/Users/мЭімКєнШД/AppData/Local/Programs/MiKTeX/fonts/type1/pub
lic/amsfonts/cm/cmsy8.pfb><C:/Users/мЭімКєнШД/AppData/Local/Programs/MiKTeX/fon
ts/type1/public/amsfonts/cm/cmsy9.pfb><C:/Users/мЭімКєнШД/AppData/Local/Program
s/MiKTeX/fonts/type1/public/amsfonts/cm/cmti10.pfb><C:/Users/мЭімКєнШД/AppData/
Local/Programs/MiKTeX/fonts/type1/public/amsfonts/cm/cmti9.pfb><C:/Users/мЭімКє
нШД/AppData/Local/Programs/MiKTeX/fonts/type1/public/amsfonts/cm/cmtt10.pfb><C:
/Users/мЭімКєнШД/AppData/Local/Programs/MiKTeX/fonts/type1/public/amsfonts/cm/c
mtt9.pfb><C:/Users/мЭімКєнШД/AppData/Local/Programs/MiKTeX/fonts/type1/public/a
msfonts/symbols/msam10.pfb><C:/Users/мЭімКєнШД/AppData/Local/Programs/MiKTeX/fo
nts/type1/public/amsfonts/symbols/msbm10.pfb><C:/Users/мЭімКєнШД/AppData/Local/
Programs/MiKTeX/fonts/type1/public/nanumtype1/nanumgtmac.pfb><C:/Users/мЭімКєнШ
Д/AppData/Local/Programs/MiKTeX/fonts/type1/public/nanumtype1/nanumgtmb1.pfb><C
:/Users/мЭімКєнШД/AppData/Local/Programs/MiKTeX/fonts/type1/public/nanumtype1/n
anumgtmcc.pfb><C:/Users/мЭімКєнШД/AppData/Local/Programs/MiKTeX/fonts/type1/pub
lic/nanumtype1/nanummjbac.pfb><C:/Users/мЭімКєнШД/AppData/Local/Programs/MiKTeX
/fonts/type1/public/nanumtype1/nanummjbad.pfb><C:/Users/мЭімКєнШД/AppData/Local
/Programs/MiKTeX/fonts/type1/public/nanumtype1/nanummjbae.pfb><C:/Users/мЭімКєн
ШД/AppData/Local/Programs/MiKTeX/fonts/type1/public/nanumtype1/nanummjbb0.pfb><
C:/Users/мЭімКєнШД/AppData/Local/Programs/MiKTeX/fonts/type1/public/nanumtype1/
nanummjbb1.pfb><C:/Users/мЭімКєнШД/AppData/Local/Programs/MiKTeX/fonts/type1/pu
blic/nanumtype1/nanummjbb2.pfb><C:/Users/мЭімКєнШД/AppData/Local/Programs/MiKTe
X/fonts/type1/public/nanumtype1/nanummjbb3.pfb><C:/Users/мЭімКєнШД/AppData/Loca
l/Programs/MiKTeX/fonts/type1/public/nanumtype1/nanummjbb4.pfb><C:/Users/мЭімКє
нШД/AppData/Local/Programs/MiKTeX/fonts/type1/public/nanumtype1/nanummjbb5.pfb>
<C:/Users/мЭімКєнШД/AppData/Local/Programs/MiKTeX/fonts/type1/public/nanumtype1
/nanummjbb7.pfb><C:/Users/мЭімКєнШД/AppData/Local/Programs/MiKTeX/fonts/type1/p
ublic/nanumtype1/nanummjbb8.pfb><C:/Users/мЭімКєнШД/AppData/Local/Programs/MiKT
eX/fonts/type1/public/nanumtype1/nanummjbb9.pfb><C:/Users/мЭімКєнШД/AppData/Loc
al/Programs/MiKTeX/fonts/type1/public/nanumtype1/nanummjbba.pfb><C:/Users/мЭімК
єнШД/AppData/Local/Programs/MiKTeX/fonts/type1/public/nanumtype1/nanummjbbb.pfb
><C:/Users/мЭімКєнШД/AppData/Local/Programs/MiKTeX/fonts/type1/public/nanumtype
1/nanummjbbc.pfb><C:/Users/мЭімКєнШД/AppData/Local/Programs/MiKTeX/fonts/type1/
public/nanumtype1/nanummjbbd.pfb><C:/Users/мЭімКєнШД/AppData/Local/Programs/MiK
TeX/fonts/type1/public/nanumtype1/nanummjbbe.pfb><C:/Users/мЭімКєнШД/AppData/Lo
cal/Programs/MiKTeX/fonts/type1/public/nanumtype1/nanummjbc0.pfb><C:/Users/мЭім
КєнШД/AppData/Local/Programs/MiKTeX/fonts/type1/public/nanumtype1/nanummjbc1.pf
b><C:/Users/мЭімКєнШД/AppData/Local/Programs/MiKTeX/fonts/type1/public/nanumtyp
e1/nanummjbc2.pfb><C:/Users/мЭімКєнШД/AppData/Local/Programs/MiKTeX/fonts/type1
/public/nanumtype1/nanummjbc3.pfb><C:/Users/мЭімКєнШД/AppData/Local/Programs/Mi
KTeX/fonts/type1/public/nanumtype1/nanummjbc5.pfb><C:/Users/мЭімКєнШД/AppData/L
ocal/Programs/MiKTeX/fonts/type1/public/nanumtype1/nanummjbc6.pfb><C:/Users/мЭі
мКєнШД/AppData/Local/Programs/MiKTeX/fonts/type1/public/nanumtype1/nanummjbc7.p
fb><C:/Users/мЭімКєнШД/AppData/Local/Programs/MiKTeX/fonts/type1/public/nanumty
pe1/nanummjbc8.pfb><C:/Users/мЭімКєнШД/AppData/Local/Programs/MiKTeX/fonts/type
1/public/nanumtype1/nanummjbc9.pfb><C:/Users/мЭімКєнШД/AppData/Local/Programs/M
iKTeX/fonts/type1/public/nanumtype1/nanummjbca.pfb><C:/Users/мЭімКєнШД/AppData/
Local/Programs/MiKTeX/fonts/type1/public/nanumtype1/nanummjbcc.pfb><C:/Users/мЭ
імКєнШД/AppData/Local/Programs/MiKTeX/fonts/type1/public/nanumtype1/nanummjbcd.
pfb><C:/Users/мЭімКєнШД/AppData/Local/Programs/MiKTeX/fonts/type1/public/nanumt
ype1/nanummjbce.pfb><C:/Users/мЭімКєнШД/AppData/Local/Programs/MiKTeX/fonts/typ
e1/public/nanumtype1/nanummjbcf.pfb><C:/Users/мЭімКєнШД/AppData/Local/Programs/
MiKTeX/fonts/type1/public/nanumtype1/nanummjbd0.pfb><C:/Users/мЭімКєнШД/AppData
/Local/Programs/MiKTeX/fonts/type1/public/nanumtype1/nanummjbd1.pfb><C:/Users/м
ЭімКєнШД/AppData/Local/Programs/MiKTeX/fonts/type1/public/nanumtype1/nanummjbd2
.pfb><C:/Users/мЭімКєнШД/AppData/Local/Programs/MiKTeX/fonts/type1/public/nanum
type1/nanummjbd3.pfb><C:/Users/мЭімКєнШД/AppData/Local/Programs/MiKTeX/fonts/ty
pe1/public/nanumtype1/nanummjbd4.pfb><C:/Users/мЭімКєнШД/AppData/Local/Programs
/MiKTeX/fonts/type1/public/nanumtype1/nanummjbd5.pfb><C:/Users/мЭімКєнШД/AppDat
a/Local/Programs/MiKTeX/fonts/type1/public/nanumtype1/nanummjbd6.pfb><C:/Users/
мЭімКєнШД/AppData/Local/Programs/MiKTeX/fonts/type1/public/nanumtype1/nanummjbd
7.pfb><C:/Users/мЭімКєнШД/AppData/Local/Programs/MiKTeX/fonts/type1/public/nanu
mtype1/nanummjmac.pfb><C:/Users/мЭімКєнШД/AppData/Local/Programs/MiKTeX/fonts/t
ype1/public/nanumtype1/nanummjmac.pfb><C:/Users/мЭімКєнШД/AppData/Local/Program
s/MiKTeX/fonts/type1/public/nanumtype1/nanummjmad.pfb><C:/Users/мЭімКєнШД/AppDa
ta/Local/Programs/MiKTeX/fonts/type1/public/nanumtype1/nanummjmad.pfb><C:/Users
/мЭімКєнШД/AppData/Local/Programs/MiKTeX/fonts/type1/public/nanumtype1/nanummjm
ae.pfb><C:/Users/мЭімКєнШД/AppData/Local/Programs/MiKTeX/fonts/type1/public/nan
umtype1/nanummjmae.pfb><C:/Users/мЭімКєнШД/AppData/Local/Programs/MiKTeX/fonts/
type1/public/nanumtype1/nanummjmb0.pfb><C:/Users/мЭімКєнШД/AppData/Local/Progra
ms/MiKTeX/fonts/type1/public/nanumtype1/nanummjmb0.pfb><C:/Users/мЭімКєнШД/AppD
ata/Local/Programs/MiKTeX/fonts/type1/public/nanumtype1/nanummjmb1.pfb><C:/User
s/мЭімКєнШД/AppData/Local/Programs/MiKTeX/fonts/type1/public/nanumtype1/nanummj
mb1.pfb><C:/Users/мЭімКєнШД/AppData/Local/Programs/MiKTeX/fonts/type1/public/na
numtype1/nanummjmb2.pfb><C:/Users/мЭімКєнШД/AppData/Local/Programs/MiKTeX/fonts
/type1/public/nanumtype1/nanummjmb2.pfb><C:/Users/мЭімКєнШД/AppData/Local/Progr
ams/MiKTeX/fonts/type1/public/nanumtype1/nanummjmb3.pfb><C:/Users/мЭімКєнШД/App
Data/Local/Programs/MiKTeX/fonts/type1/public/nanumtype1/nanummjmb3.pfb><C:/Use
rs/мЭімКєнШД/AppData/Local/Programs/MiKTeX/fonts/type1/public/nanumtype1/nanumm
jmb4.pfb><C:/Users/мЭімКєнШД/AppData/Local/Programs/MiKTeX/fonts/type1/public/n
anumtype1/nanummjmb4.pfb><C:/Users/мЭімКєнШД/AppData/Local/Programs/MiKTeX/font
s/type1/public/nanumtype1/nanummjmb5.pfb><C:/Users/мЭімКєнШД/AppData/Local/Prog
rams/MiKTeX/fonts/type1/public/nanumtype1/nanummjmb5.pfb><C:/Users/мЭімКєнШД/Ap
pData/Local/Programs/MiKTeX/fonts/type1/public/nanumtype1/nanummjmb6.pfb><C:/Us
ers/мЭімКєнШД/AppData/Local/Programs/MiKTeX/fonts/type1/public/nanumtype1/nanum
mjmb6.pfb><C:/Users/мЭімКєнШД/AppData/Local/Programs/MiKTeX/fonts/type1/public/
nanumtype1/nanummjmb7.pfb><C:/Users/мЭімКєнШД/AppData/Local/Programs/MiKTeX/fon
ts/type1/public/nanumtype1/nanummjmb7.pfb><C:/Users/мЭімКєнШД/AppData/Local/Pro
grams/MiKTeX/fonts/type1/public/nanumtype1/nanummjmb8.pfb><C:/Users/мЭімКєнШД/A
ppData/Local/Programs/MiKTeX/fonts/type1/public/nanumtype1/nanummjmb8.pfb><C:/U
sers/мЭімКєнШД/AppData/Local/Programs/MiKTeX/fonts/type1/public/nanumtype1/nanu
mmjmb9.pfb><C:/Users/мЭімКєнШД/AppData/Local/Programs/MiKTeX/fonts/type1/public
/nanumtype1/nanummjmb9.pfb><C:/Users/мЭімКєнШД/AppData/Local/Programs/MiKTeX/fo
nts/type1/public/nanumtype1/nanummjmba.pfb><C:/Users/мЭімКєнШД/AppData/Local/Pr
ograms/MiKTeX/fonts/type1/public/nanumtype1/nanummjmba.pfb><C:/Users/мЭімКєнШД/
AppData/Local/Programs/MiKTeX/fonts/type1/public/nanumtype1/nanummjmbb.pfb><C:/
Users/мЭімКєнШД/AppData/Local/Programs/MiKTeX/fonts/type1/public/nanumtype1/nan
ummjmbb.pfb><C:/Users/мЭімКєнШД/AppData/Local/Programs/MiKTeX/fonts/type1/publi
c/nanumtype1/nanummjmbc.pfb><C:/Users/мЭімКєнШД/AppData/Local/Programs/MiKTeX/f
onts/type1/public/nanumtype1/nanummjmbc.pfb><C:/Users/мЭімКєнШД/AppData/Local/P
rograms/MiKTeX/fonts/type1/public/nanumtype1/nanummjmbd.pfb><C:/Users/мЭімКєнШД
/AppData/Local/Programs/MiKTeX/fonts/type1/public/nanumtype1/nanummjmbd.pfb><C:
/Users/мЭімКєнШД/AppData/Local/Programs/MiKTeX/fonts/type1/public/nanumtype1/na
nummjmbe.pfb><C:/Users/мЭімКєнШД/AppData/Local/Programs/MiKTeX/fonts/type1/publ
ic/nanumtype1/nanummjmbe.pfb><C:/Users/мЭімКєнШД/AppData/Local/Programs/MiKTeX/
fonts/type1/public/nanumtype1/nanummjmc0.pfb><C:/Users/мЭімКєнШД/AppData/Local/
Programs/MiKTeX/fonts/type1/public/nanumtype1/nanummjmc0.pfb><C:/Users/мЭімКєнШ
Д/AppData/Local/Programs/MiKTeX/fonts/type1/public/nanumtype1/nanummjmc1.pfb><C
:/Users/мЭімКєнШД/AppData/Local/Programs/MiKTeX/fonts/type1/public/nanumtype1/n
anummjmc1.pfb><C:/Users/мЭімКєнШД/AppData/Local/Programs/MiKTeX/fonts/type1/pub
lic/nanumtype1/nanummjmc2.pfb><C:/Users/мЭімКєнШД/AppData/Local/Programs/MiKTeX
/fonts/type1/public/nanumtype1/nanummjmc2.pfb><C:/Users/мЭімКєнШД/AppData/Local
/Programs/MiKTeX/fonts/type1/public/nanumtype1/nanummjmc3.pfb><C:/Users/мЭімКєн
ШД/AppData/Local/Programs/MiKTeX/fonts/type1/public/nanumtype1/nanummjmc5.pfb><
C:/Users/мЭімКєнШД/AppData/Local/Programs/MiKTeX/fonts/type1/public/nanumtype1/
nanummjmc5.pfb><C:/Users/мЭімКєнШД/AppData/Local/Programs/MiKTeX/fonts/type1/pu
blic/nanumtype1/nanummjmc6.pfb><C:/Users/мЭімКєнШД/AppData/Local/Programs/MiKTe
X/fonts/type1/public/nanumtype1/nanummjmc6.pfb><C:/Users/мЭімКєнШД/AppData/Loca
l/Programs/MiKTeX/fonts/type1/public/nanumtype1/nanummjmc7.pfb><C:/Users/мЭімКє
нШД/AppData/Local/Programs/MiKTeX/fonts/type1/public/nanumtype1/nanummjmc7.pfb>
<C:/Users/мЭімКєнШД/AppData/Local/Programs/MiKTeX/fonts/type1/public/nanumtype1
/nanummjmc8.pfb><C:/Users/мЭімКєнШД/AppData/Local/Programs/MiKTeX/fonts/type1/p
ublic/nanumtype1/nanummjmc8.pfb><C:/Users/мЭімКєнШД/AppData/Local/Programs/MiKT
eX/fonts/type1/public/nanumtype1/nanummjmc9.pfb><C:/Users/мЭімКєнШД/AppData/Loc
al/Programs/MiKTeX/fonts/type1/public/nanumtype1/nanummjmc9.pfb><C:/Users/мЭімК
єнШД/AppData/Local/Programs/MiKTeX/fonts/type1/public/nanumtype1/nanummjmca.pfb
><C:/Users/мЭімКєнШД/AppData/Local/Programs/MiKTeX/fonts/type1/public/nanumtype
1/nanummjmcc.pfb><C:/Users/мЭімКєнШД/AppData/Local/Programs/MiKTeX/fonts/type1/
public/nanumtype1/nanummjmcc.pfb><C:/Users/мЭімКєнШД/AppData/Local/Programs/MiK
TeX/fonts/type1/public/nanumtype1/nanummjmcd.pfb><C:/Users/мЭімКєнШД/AppData/Lo
cal/Programs/MiKTeX/fonts/type1/public/nanumtype1/nanummjmcd.pfb><C:/Users/мЭім
КєнШД/AppData/Local/Programs/MiKTeX/fonts/type1/public/nanumtype1/nanummjmce.pf
b><C:/Users/мЭімКєнШД/AppData/Local/Programs/MiKTeX/fonts/type1/public/nanumtyp
e1/nanummjmce.pfb><C:/Users/мЭімКєнШД/AppData/Local/Programs/MiKTeX/fonts/type1
/public/nanumtype1/nanummjmcf.pfb><C:/Users/мЭімКєнШД/AppData/Local/Programs/Mi
KTeX/fonts/type1/public/nanumtype1/nanummjmcf.pfb><C:/Users/мЭімКєнШД/AppData/L
ocal/Programs/MiKTeX/fonts/type1/public/nanumtype1/nanummjmd0.pfb><C:/Users/мЭі
мКєнШД/AppData/Local/Programs/MiKTeX/fonts/type1/public/nanumtype1/nanummjmd0.p
fb><C:/Users/мЭімКєнШД/AppData/Local/Programs/MiKTeX/fonts/type1/public/nanumty
pe1/nanummjmd1.pfb><C:/Users/мЭімКєнШД/AppData/Local/Programs/MiKTeX/fonts/type
1/public/nanumtype1/nanummjmd1.pfb><C:/Users/мЭімКєнШД/AppData/Local/Programs/M
iKTeX/fonts/type1/public/nanumtype1/nanummjmd2.pfb><C:/Users/мЭімКєнШД/AppData/
Local/Programs/MiKTeX/fonts/type1/public/nanumtype1/nanummjmd2.pfb><C:/Users/мЭ
імКєнШД/AppData/Local/Programs/MiKTeX/fonts/type1/public/nanumtype1/nanummjmd3.
pfb><C:/Users/мЭімКєнШД/AppData/Local/Programs/MiKTeX/fonts/type1/public/nanumt
ype1/nanummjmd3.pfb><C:/Users/мЭімКєнШД/AppData/Local/Programs/MiKTeX/fonts/typ
e1/public/nanumtype1/nanummjmd4.pfb><C:/Users/мЭімКєнШД/AppData/Local/Programs/
MiKTeX/fonts/type1/public/nanumtype1/nanummjmd4.pfb><C:/Users/мЭімКєнШД/AppData
/Local/Programs/MiKTeX/fonts/type1/public/nanumtype1/nanummjmd5.pfb><C:/Users/м
ЭімКєнШД/AppData/Local/Programs/MiKTeX/fonts/type1/public/nanumtype1/nanummjmd5
.pfb><C:/Users/мЭімКєнШД/AppData/Local/Programs/MiKTeX/fonts/type1/public/nanum
type1/nanummjmd6.pfb><C:/Users/мЭімКєнШД/AppData/Local/Programs/MiKTeX/fonts/ty
pe1/public/nanumtype1/nanummjmd6.pfb><C:/Users/мЭімКєнШД/AppData/Local/Programs
/MiKTeX/fonts/type1/public/nanumtype1/nanummjmd7.pfb><C:/Users/мЭімКєнШД/AppDat
a/Local/Programs/MiKTeX/fonts/type1/public/nanumtype1/nanummjmd7.pfb><C:/Users/
мЭімКєнШД/AppData/Local/Programs/MiKTeX/fonts/type1/uhc/umj/umj04.pfb><C:/Users
/мЭімКєнШД/AppData/Local/Programs/MiKTeX/fonts/type1/uhc/umj/umj20.pfb><C:/User
s/мЭімКєнШД/AppData/Local/Programs/MiKTeX/fonts/type1/uhc/umj/umj27.pfb><C:/Use
rs/мЭімКєнШД/AppData/Local/Programs/MiKTeX/fonts/type1/uhc/umj/umj36.pfb><C:/Us
ers/мЭімКєнШД/AppData/Local/Programs/MiKTeX/fonts/type1/uhc/umj/umj37.pfb>
Output written on draft.pdf (32 pages, 6638757 bytes).
PDF statistics:
 1530 PDF objects out of 1728 (max. 8388607)
 160 named destinations out of 1000 (max. 500000)
 21327 words of extra memory for PDF output out of 24883 (max. 10000000)

