\BOOKMARK [1][-]{section.1}{\376\377\301\034\270\140}{}% 1
\BOOKMARK [1][-]{section.2}{\376\377\255\000\270\050\000\040\305\360\255\154}{}% 2
\BOOKMARK [2][-]{subsection.2.1}{\376\377\254\200\300\311\000\040\255\000\302\354\254\374\000\040\307\220\300\260\000\040\254\000\254\251}{section.2}% 3
\BOOKMARK [2][-]{subsection.2.2}{\376\377\262\164\302\244\000\040\321\115\302\244\322\270\306\100\000\040\254\020\301\061\000\040\275\204\301\035}{section.2}% 4
\BOOKMARK [2][-]{subsection.2.3}{\376\377\301\214\301\134\000\040\273\370\265\024\305\264\000t\000o\000.\0007\000e\000m\000\267\307\164\306\251\307\220\000\040\300\335\301\061\000\040\317\130\321\120\316\040\306\100\000\040\307\220\300\260\000\040\254\000\254\251}{section.2}% 5
\BOOKMARK [2][-]{subsection.2.4}{\376\377\272\070\302\340\267\354\262\335\000\040\256\060\274\030\000\040\306\010\316\041\254\374\000\040\325\164\301\035}{section.2}% 6
\BOOKMARK [2][-]{subsection.2.5}{\376\377\263\000\305\110\000\040\307\220\300\260\000t\000o\000.\0007\000e\000m\000\267\271\254\301\100\000\040\302\334\307\245\000\040\305\360\255\154\307\130\000\040\254\365\274\061}{section.2}% 7
\BOOKMARK [1][-]{section.3}{\376\377\274\051\274\225\270\140}{}% 8
\BOOKMARK [2][-]{subsection.3.1}{\376\377\310\004\314\264\000\040\301\044\254\304}{section.3}% 9
\BOOKMARK [2][-]{subsection.3.2}{\376\377\263\160\307\164\321\060}{section.3}% 10
\BOOKMARK [2][-]{subsection.3.3}{\376\377\314\104\261\020\000\040\310\025\307\130\000\040\274\017\000\040\310\020\302\030\000\040\274\300\326\130}{section.3}% 11
\BOOKMARK [2][-]{subsection.3.4}{\376\377\000A\000D\000F\000\040\310\025\300\301\301\061\000\040\254\200\310\025}{section.3}% 12
\BOOKMARK [2][-]{subsection.3.5}{\376\377\000G\000r\000a\000n\000g\000e\000r\000\040\307\170\254\374\301\061\000\040\254\200\310\025}{section.3}% 13
\BOOKMARK [2][-]{subsection.3.6}{\376\377\323\050\261\020\000\040\000G\000r\000a\000n\000g\000e\000r\000\040\307\170\254\374\301\061\000\040\254\200\310\025\000\040\000\050\000D\000u\000m\000i\000t\000r\000e\000s\000c\000u\040\023\000H\000u\000r\000l\000i\000n\000\051}{section.3}% 14
\BOOKMARK [2][-]{subsection.3.7}{\376\377\307\220\300\260\274\304\000\040\314\104\261\020\000\040\255\154\301\061\000\040\276\104\255\120\000\040\000\050\000J\000a\000c\000c\000a\000r\000d\000\051}{section.3}% 15
\BOOKMARK [2][-]{subsection.3.8}{\376\377\000X\000G\000B\000o\000o\000s\000t\000\040\000+\000\040\000S\000H\000A\000P\000\040\000+\000\040\000D\000i\000e\000b\000o\000l\000d\040\023\000M\000a\000r\000i\000a\000n\000o\000\040\301\044\254\304}{section.3}% 16
\BOOKMARK [1][-]{section.4}{\376\377\254\260\254\374}{}% 17
\BOOKMARK [2][-]{subsection.4.1}{\376\377\256\060\302\040\000\040\321\265\254\304}{section.4}% 18
\BOOKMARK [2][-]{subsection.4.2}{\376\377\000A\000D\000F\000\040\310\025\300\301\301\061\000\040\254\200\310\025}{section.4}% 19
\BOOKMARK [2][-]{subsection.4.3}{\376\377\000R\000Q\0001\000:\000\040\000G\000r\000a\000n\000g\000e\000r\000\040\307\170\254\374\301\061\000\040\254\200\310\025}{section.4}% 20
\BOOKMARK [2][-]{subsection.4.4}{\376\377\000R\000Q\0001\000\040\267\230\255\370\000\040\254\254\254\340\301\061\000\040\254\200\321\240}{section.4}% 21
\BOOKMARK [2][-]{subsection.4.5}{\376\377\000R\000Q\0001\000\040\323\050\261\020\000\040\254\254\254\340\301\061\000\040\254\200\321\240\000:\000\040\000D\000u\000m\000i\000t\000r\000e\000s\000c\000u\040\023\000H\000u\000r\000l\000i\000n\000\040\254\200\310\025}{section.4}% 22
\BOOKMARK [2][-]{subsection.4.6}{\376\377\000R\000Q\0001\000\040\262\344\274\300\302\030\000\040\254\254\254\340\301\061\000\040\254\200\321\240\000:\000\040\000V\000A\000R\000\040\276\024\270\135\000\040\307\170\254\374\000\040\254\200\310\025}{section.4}% 23
\BOOKMARK [2][-]{subsection.4.7}{\376\377\315\251\254\251\274\030\307\121\325\150\302\030\000\040\275\204\301\035}{section.4}% 24
\BOOKMARK [2][-]{subsection.4.8}{\376\377\000R\000Q\0002\000:\000\040\307\220\300\260\274\304\000\040\307\040\307\130\000\040\314\104\261\020\000\040\255\154\301\061\000\040\276\104\255\120}{section.4}% 25
\BOOKMARK [2][-]{subsection.4.9}{\376\377\000R\000Q\0003\000:\000\040\000X\000G\000B\000o\000o\000s\000t\000\040\306\010\316\041\000\040\254\200\311\235\000\040\274\017\000\040\000D\000i\000e\000b\000o\000l\000d\040\023\000M\000a\000r\000i\000a\000n\000o\000\040\254\200\310\025}{section.4}% 26
\BOOKMARK [1][-]{section.5}{\376\377\261\174\307\130}{}% 27
\BOOKMARK [2][-]{subsection.5.1}{\376\377\314\104\261\020\274\304\000\040\301\040\325\211\301\061\307\130\000\040\307\220\300\260\274\304\000\040\275\204\326\124}{section.5}% 28
\BOOKMARK [2][-]{subsection.5.2}{\376\377\000G\000r\000a\000n\000g\000e\000r\000\040\301\040\325\211\301\061\254\374\000\040\000X\000G\000B\000o\000o\000s\000t\000\040\000S\000H\000A\000P\000\040\256\060\305\354\263\304\307\130\000\040\255\000\254\304}{section.5}% 29
\BOOKMARK [2][-]{subsection.5.3}{\376\377\000M\000o\000d\000e\000l\000\040\000A\000\040\306\260\302\030\000\040\306\010\306\170\000\040\305\104\307\164\321\134\000\040\275\204\301\035}{section.5}% 30
\BOOKMARK [2][-]{subsection.5.4}{\376\377\325\134\254\304}{section.5}% 31
\BOOKMARK [2][-]{subsection.5.5}{\376\377\307\164\270\140\310\001\000\040\325\150\307\130\000\040\045\000\000\040\307\220\300\260\274\304\000\040\314\104\261\020\000\040\275\204\326\124\307\130\000\040\254\275\310\034\325\131\310\001\000\040\325\164\301\035}{section.5}% 32
\BOOKMARK [2][-]{subsection.5.6}{\376\377\0004\254\034\000\040\320\334\302\244\320\154\000\040\321\265\325\151\000\040\310\025\271\254}{section.5}% 33
\BOOKMARK [1][-]{section.6}{\376\377\254\260\270\140}{}% 34
\BOOKMARK [1][-]{appendix.A}{\376\377\000B\000e\000n\000j\000a\000m\000i\000n\000i\040\023\000H\000o\000c\000h\000b\000e\000r\000g\000\040\274\364\310\025\000\040\310\004\326\304\000\040\276\104\255\120}{}% 35
\BOOKMARK [1][-]{appendix.B}{\376\377\305\104\307\164\321\134\000\040\255\120\314\264\000\040\307\164\270\045}{}% 36
\BOOKMARK [1][-]{appendix.C}{\376\377\314\104\261\020\000\040\254\004\000\040\300\301\255\000\325\211\270\054}{}% 37
\BOOKMARK [1][-]{appendix.D}{\376\377\307\254\326\004\301\061\000t\000o\000.\0007\000e\000m\000\267\263\160\307\164\321\060\000t\000o\000.\0007\000e\000m\000\267\317\124\264\334\000\040\254\365\254\034}{}% 38
